<?xml version="1.0" encoding="UTF-8"?>
<testng-results ignored="0" total="279" passed="237" failed="3" skipped="39">
  <reporter-output>
  </reporter-output>
  <suite started-at="2024-09-16T16:56:28 IST" name="Suite" finished-at="2024-09-16T17:02:00 IST" duration-ms="332355">
    <groups>
    </groups>
    <test started-at="2024-09-16T16:56:28 IST" name="Test" finished-at="2024-09-16T17:02:00 IST" duration-ms="332355">
      <class name="ThirdParty.TC_13">
        <test-method is-config="true" signature="setup()[pri:0, instance:ThirdParty.TC_13@158a8276]" started-at="2024-09-16T16:56:28 IST" name="setup" finished-at="2024-09-16T16:56:52 IST" duration-ms="23768" status="PASS">
          <reporter-output>
          </reporter-output>
        </test-method> <!-- setup -->
        <test-method signature="clickCarModule()[pri:0, instance:ThirdParty.TC_13@158a8276]" started-at="2024-09-16T16:56:52 IST" name="clickCarModule" finished-at="2024-09-16T16:56:58 IST" duration-ms="6621" status="PASS">
          <reporter-output>
          </reporter-output>
        </test-method> <!-- clickCarModule -->
        <test-method signature="dontknowcar()[pri:1, instance:ThirdParty.TC_13@158a8276]" started-at="2024-09-16T16:56:58 IST" name="dontknowcar" finished-at="2024-09-16T16:57:00 IST" depends-on-methods="ThirdParty.TC_13.clickCarModule" duration-ms="1790" status="PASS">
          <reporter-output>
          </reporter-output>
        </test-method> <!-- dontknowcar -->
        <test-method signature="Third_party()[pri:2, instance:ThirdParty.TC_13@158a8276]" started-at="2024-09-16T16:57:00 IST" name="Third_party" finished-at="2024-09-16T16:57:01 IST" depends-on-methods="ThirdParty.TC_13.dontknowcar" duration-ms="460" status="PASS">
          <reporter-output>
          </reporter-output>
        </test-method> <!-- Third_party -->
        <test-method signature="exisitngTP_popup()[pri:3, instance:ThirdParty.TC_13@158a8276]" started-at="2024-09-16T16:57:01 IST" name="exisitngTP_popup" finished-at="2024-09-16T16:57:01 IST" depends-on-methods="ThirdParty.TC_13.Third_party" duration-ms="4" status="PASS">
          <reporter-output>
          </reporter-output>
        </test-method> <!-- exisitngTP_popup -->
        <test-method signature="rto_num(java.lang.String)[pri:4, instance:ThirdParty.TC_13@158a8276]" started-at="2024-09-16T16:57:01 IST" name="rto_num" data-provider="rtoData" finished-at="2024-09-16T16:57:02 IST" depends-on-methods="ThirdParty.TC_13.exisitngTP_popup" duration-ms="1369" status="PASS">
          <params>
            <param index="0">
              <value>
                <![CDATA[MH01]]>
              </value>
            </param>
          </params>
          <reporter-output>
          </reporter-output>
        </test-method> <!-- rto_num -->
        <test-method signature="reg_date()[pri:5, instance:ThirdParty.TC_13@158a8276]" started-at="2024-09-16T16:57:02 IST" name="reg_date" finished-at="2024-09-16T16:57:03 IST" depends-on-methods="ThirdParty.TC_13.rto_num" duration-ms="1358" status="PASS">
          <reporter-output>
          </reporter-output>
        </test-method> <!-- reg_date -->
        <test-method signature="vehicle_num(java.lang.String)[pri:6, instance:ThirdParty.TC_13@158a8276]" started-at="2024-09-16T16:57:03 IST" name="vehicle_num" data-provider="vehicleno" finished-at="2024-09-16T16:57:04 IST" depends-on-methods="ThirdParty.TC_13.reg_date" duration-ms="248" status="PASS">
          <params>
            <param index="0">
              <value>
                <![CDATA[MH01-RT-8545]]>
              </value>
            </param>
          </params>
          <reporter-output>
          </reporter-output>
        </test-method> <!-- vehicle_num -->
        <test-method signature="make(java.lang.String)[pri:7, instance:ThirdParty.TC_13@158a8276]" started-at="2024-09-16T16:57:04 IST" name="make" data-provider="makeData" finished-at="2024-09-16T16:57:04 IST" depends-on-methods="ThirdParty.TC_13.vehicle_num" duration-ms="540" status="PASS">
          <params>
            <param index="0">
              <value>
                <![CDATA[Hond]]>
              </value>
            </param>
          </params>
          <reporter-output>
          </reporter-output>
        </test-method> <!-- make -->
        <test-method signature="model()[pri:8, instance:ThirdParty.TC_13@158a8276]" started-at="2024-09-16T16:57:04 IST" name="model" finished-at="2024-09-16T16:57:05 IST" depends-on-methods="ThirdParty.TC_13.make" duration-ms="639" status="PASS">
          <reporter-output>
          </reporter-output>
        </test-method> <!-- model -->
        <test-method signature="variant()[pri:9, instance:ThirdParty.TC_13@158a8276]" started-at="2024-09-16T16:57:05 IST" name="variant" finished-at="2024-09-16T16:57:05 IST" depends-on-methods="ThirdParty.TC_13.model" duration-ms="444" status="PASS">
          <reporter-output>
          </reporter-output>
        </test-method> <!-- variant -->
        <test-method signature="previous_pol()[pri:10, instance:ThirdParty.TC_13@158a8276]" started-at="2024-09-16T16:57:05 IST" name="previous_pol" finished-at="2024-09-16T16:57:05 IST" depends-on-methods="ThirdParty.TC_13.variant" duration-ms="328" status="PASS">
          <reporter-output>
          </reporter-output>
        </test-method> <!-- previous_pol -->
        <test-method signature="previouscopy_Yes()[pri:11, instance:ThirdParty.TC_13@158a8276]" started-at="2024-09-16T16:57:05 IST" name="previouscopy_Yes" finished-at="2024-09-16T16:57:06 IST" depends-on-methods="ThirdParty.TC_13.previous_pol" duration-ms="453" status="PASS">
          <reporter-output>
          </reporter-output>
        </test-method> <!-- previouscopy_Yes -->
        <test-method signature="pol_Expirydate()[pri:12, instance:ThirdParty.TC_13@158a8276]" started-at="2024-09-16T16:57:06 IST" name="pol_Expirydate" finished-at="2024-09-16T16:57:07 IST" depends-on-methods="ThirdParty.TC_13.previouscopy_Yes" duration-ms="1362" status="PASS">
          <reporter-output>
          </reporter-output>
        </test-method> <!-- pol_Expirydate -->
        <test-method signature="owner_type()[pri:13, instance:ThirdParty.TC_13@158a8276]" started-at="2024-09-16T16:57:07 IST" name="owner_type" finished-at="2024-09-16T16:57:07 IST" depends-on-methods="ThirdParty.TC_13.pol_Expirydate" duration-ms="122" status="PASS">
          <reporter-output>
          </reporter-output>
        </test-method> <!-- owner_type -->
        <test-method signature="CPA_No()[pri:14, instance:ThirdParty.TC_13@158a8276]" started-at="2024-09-16T16:57:07 IST" name="CPA_No" finished-at="2024-09-16T16:57:08 IST" depends-on-methods="ThirdParty.TC_13.owner_type" duration-ms="163" status="PASS">
          <reporter-output>
          </reporter-output>
        </test-method> <!-- CPA_No -->
        <test-method signature="claim_No()[pri:15, instance:ThirdParty.TC_13@158a8276]" started-at="2024-09-16T16:57:08 IST" name="claim_No" finished-at="2024-09-16T16:57:08 IST" depends-on-methods="ThirdParty.TC_13.CPA_No" duration-ms="3" status="PASS">
          <reporter-output>
          </reporter-output>
        </test-method> <!-- claim_No -->
        <test-method signature="ncb_drpdwn()[pri:16, instance:ThirdParty.TC_13@158a8276]" started-at="2024-09-16T16:57:08 IST" name="ncb_drpdwn" finished-at="2024-09-16T16:57:08 IST" depends-on-methods="ThirdParty.TC_13.claim_No" duration-ms="1" status="PASS">
          <reporter-output>
          </reporter-output>
        </test-method> <!-- ncb_drpdwn -->
        <test-method signature="fullname(java.lang.String)[pri:17, instance:ThirdParty.TC_13@158a8276]" started-at="2024-09-16T16:57:08 IST" name="fullname" data-provider="fullname" finished-at="2024-09-16T16:57:08 IST" depends-on-methods="ThirdParty.TC_13.ncb_drpdwn" duration-ms="261" status="PASS">
          <params>
            <param index="0">
              <value>
                <![CDATA[Vishal Bilandi]]>
              </value>
            </param>
          </params>
          <reporter-output>
          </reporter-output>
        </test-method> <!-- fullname -->
        <test-method signature="mobnum(java.lang.String)[pri:18, instance:ThirdParty.TC_13@158a8276]" started-at="2024-09-16T16:57:08 IST" name="mobnum" data-provider="Mobilenum" finished-at="2024-09-16T16:57:08 IST" depends-on-methods="ThirdParty.TC_13.fullname" duration-ms="131" status="PASS">
          <params>
            <param index="0">
              <value>
                <![CDATA[9311506762]]>
              </value>
            </param>
          </params>
          <reporter-output>
          </reporter-output>
        </test-method> <!-- mobnum -->
        <test-method signature="term_con()[pri:19, instance:ThirdParty.TC_13@158a8276]" started-at="2024-09-16T16:57:08 IST" name="term_con" finished-at="2024-09-16T16:57:08 IST" depends-on-methods="ThirdParty.TC_13.mobnum" duration-ms="233" status="PASS">
          <reporter-output>
          </reporter-output>
        </test-method> <!-- term_con -->
        <test-method signature="get_quote()[pri:20, instance:ThirdParty.TC_13@158a8276]" started-at="2024-09-16T16:57:08 IST" name="get_quote" finished-at="2024-09-16T16:57:08 IST" depends-on-methods="ThirdParty.TC_13.term_con" duration-ms="206" status="PASS">
          <reporter-output>
          </reporter-output>
        </test-method> <!-- get_quote -->
        <test-method signature="pa_cover()[pri:21, instance:ThirdParty.TC_13@158a8276]" started-at="2024-09-16T16:57:08 IST" name="pa_cover" finished-at="2024-09-16T16:57:51 IST" depends-on-methods="ThirdParty.TC_13.get_quote" duration-ms="42074" status="PASS">
          <reporter-output>
          </reporter-output>
        </test-method> <!-- pa_cover -->
        <test-method signature="cng(java.lang.String)[pri:22, instance:ThirdParty.TC_13@158a8276]" started-at="2024-09-16T16:57:51 IST" name="cng" data-provider="cng_value" finished-at="2024-09-16T16:57:53 IST" depends-on-methods="ThirdParty.TC_13.pa_cover" duration-ms="2594" status="PASS">
          <params>
            <param index="0">
              <value>
                <![CDATA[20000]]>
              </value>
            </param>
          </params>
          <reporter-output>
          </reporter-output>
        </test-method> <!-- cng -->
        <test-method signature="premium()[pri:23, instance:ThirdParty.TC_13@158a8276]" started-at="2024-09-16T16:57:53 IST" name="premium" finished-at="2024-09-16T16:58:04 IST" depends-on-methods="ThirdParty.TC_13.cng" duration-ms="10482" status="PASS">
          <reporter-output>
          </reporter-output>
        </test-method> <!-- premium -->
        <test-method signature="kyc_button()[pri:24, instance:ThirdParty.TC_13@158a8276]" started-at="2024-09-16T16:58:04 IST" name="kyc_button" finished-at="2024-09-16T16:58:06 IST" depends-on-methods="ThirdParty.TC_13.premium" duration-ms="2277" status="PASS">
          <reporter-output>
          </reporter-output>
        </test-method> <!-- kyc_button -->
        <test-method signature="ckyc_number(java.lang.String)[pri:25, instance:ThirdParty.TC_13@158a8276]" started-at="2024-09-16T16:58:06 IST" name="ckyc_number" data-provider="ckyc_number" finished-at="2024-09-16T16:58:06 IST" depends-on-methods="ThirdParty.TC_13.kyc_button" duration-ms="186" status="PASS">
          <params>
            <param index="0">
              <value>
                <![CDATA[10085792349036]]>
              </value>
            </param>
          </params>
          <reporter-output>
          </reporter-output>
        </test-method> <!-- ckyc_number -->
        <test-method signature="dob_calender()[pri:27, instance:ThirdParty.TC_13@158a8276]" started-at="2024-09-16T16:58:06 IST" name="dob_calender" finished-at="2024-09-16T16:58:07 IST" depends-on-methods="ThirdParty.TC_13.ckyc_number" duration-ms="674" status="PASS">
          <reporter-output>
          </reporter-output>
        </test-method> <!-- dob_calender -->
        <test-method signature="email(java.lang.String)[pri:28, instance:ThirdParty.TC_13@158a8276]" started-at="2024-09-16T16:58:07 IST" name="email" data-provider="enter_email" finished-at="2024-09-16T16:58:07 IST" depends-on-methods="ThirdParty.TC_13.dob_calender" duration-ms="247" status="PASS">
          <params>
            <param index="0">
              <value>
                <![CDATA[swapqa@simsontech.onmicrosoft.com]]>
              </value>
            </param>
          </params>
          <reporter-output>
          </reporter-output>
        </test-method> <!-- email -->
        <test-method signature="Verify_kyc()[pri:29, instance:ThirdParty.TC_13@158a8276]" started-at="2024-09-16T16:58:07 IST" name="Verify_kyc" finished-at="2024-09-16T16:58:07 IST" depends-on-methods="ThirdParty.TC_13.email" duration-ms="142" status="PASS">
          <reporter-output>
          </reporter-output>
        </test-method> <!-- Verify_kyc -->
        <test-method signature="Marital()[pri:30, instance:ThirdParty.TC_13@158a8276]" started-at="2024-09-16T16:58:07 IST" name="Marital" finished-at="2024-09-16T16:58:08 IST" depends-on-methods="ThirdParty.TC_13.Verify_kyc" duration-ms="1195" status="PASS">
          <reporter-output>
          </reporter-output>
        </test-method> <!-- Marital -->
        <test-method signature="pan(java.lang.String)[pri:31, instance:ThirdParty.TC_13@158a8276]" started-at="2024-09-16T16:58:08 IST" name="pan" data-provider="pancard" finished-at="2024-09-16T16:58:09 IST" depends-on-methods="ThirdParty.TC_13.Marital" duration-ms="423" status="PASS">
          <params>
            <param index="0">
              <value>
                <![CDATA[EVDPB3193P]]>
              </value>
            </param>
          </params>
          <reporter-output>
          </reporter-output>
        </test-method> <!-- pan -->
        <test-method signature="email_reset(java.lang.String)[pri:32, instance:ThirdParty.TC_13@158a8276]" started-at="2024-09-16T16:58:09 IST" name="email_reset" data-provider="email_reset" finished-at="2024-09-16T16:58:09 IST" depends-on-methods="ThirdParty.TC_13.pan" duration-ms="510" status="PASS">
          <params>
            <param index="0">
              <value>
                <![CDATA[swapqa@simsontech.onmicrosoft.com]]>
              </value>
            </param>
          </params>
          <reporter-output>
          </reporter-output>
        </test-method> <!-- email_reset -->
        <test-method signature="insureddetails_btn()[pri:33, instance:ThirdParty.TC_13@158a8276]" started-at="2024-09-16T16:58:09 IST" name="insureddetails_btn" finished-at="2024-09-16T16:58:09 IST" depends-on-methods="ThirdParty.TC_13.email_reset" duration-ms="103" status="PASS">
          <reporter-output>
          </reporter-output>
        </test-method> <!-- insureddetails_btn -->
        <test-method signature="address(java.lang.String)[pri:34, instance:ThirdParty.TC_13@158a8276]" started-at="2024-09-16T16:58:09 IST" name="address" data-provider="pincode" finished-at="2024-09-16T16:58:12 IST" depends-on-methods="ThirdParty.TC_13.insureddetails_btn" duration-ms="2175" status="PASS">
          <params>
            <param index="0">
              <value>
                <![CDATA[400001]]>
              </value>
            </param>
          </params>
          <reporter-output>
          </reporter-output>
        </test-method> <!-- address -->
        <test-method signature="current_address()[pri:35, instance:ThirdParty.TC_13@158a8276]" started-at="2024-09-16T16:58:12 IST" name="current_address" finished-at="2024-09-16T16:58:12 IST" depends-on-methods="ThirdParty.TC_13.address" duration-ms="100" status="PASS">
          <reporter-output>
          </reporter-output>
        </test-method> <!-- current_address -->
        <test-method signature="address_btn()[pri:36, instance:ThirdParty.TC_13@158a8276]" started-at="2024-09-16T16:58:12 IST" name="address_btn" finished-at="2024-09-16T16:58:12 IST" depends-on-methods="ThirdParty.TC_13.current_address" duration-ms="86" status="PASS">
          <reporter-output>
          </reporter-output>
        </test-method> <!-- address_btn -->
        <test-method signature="nomin_name(java.lang.String)[pri:37, instance:ThirdParty.TC_13@158a8276]" started-at="2024-09-16T16:58:12 IST" name="nomin_name" data-provider="nominee" finished-at="2024-09-16T16:59:27 IST" depends-on-methods="ThirdParty.TC_13.address_btn" duration-ms="74859" status="PASS">
          <params>
            <param index="0">
              <value>
                <![CDATA[Test abc]]>
              </value>
            </param>
          </params>
          <reporter-output>
          </reporter-output>
        </test-method> <!-- nomin_name -->
        <test-method signature="nominee_marital()[pri:38, instance:ThirdParty.TC_13@158a8276]" started-at="2024-09-16T16:59:27 IST" name="nominee_marital" finished-at="2024-09-16T16:59:29 IST" depends-on-methods="ThirdParty.TC_13.nomin_name" duration-ms="2107" status="PASS">
          <reporter-output>
          </reporter-output>
        </test-method> <!-- nominee_marital -->
        <test-method signature="nominee_dob()[pri:39, instance:ThirdParty.TC_13@158a8276]" started-at="2024-09-16T16:59:29 IST" name="nominee_dob" finished-at="2024-09-16T16:59:29 IST" depends-on-methods="ThirdParty.TC_13.nominee_marital" duration-ms="328" status="PASS">
          <reporter-output>
          </reporter-output>
        </test-method> <!-- nominee_dob -->
        <test-method signature="nominee_btn()[pri:40, instance:ThirdParty.TC_13@158a8276]" started-at="2024-09-16T16:59:29 IST" name="nominee_btn" finished-at="2024-09-16T16:59:29 IST" depends-on-methods="ThirdParty.TC_13.nominee_dob" duration-ms="77" status="PASS">
          <reporter-output>
          </reporter-output>
        </test-method> <!-- nominee_btn -->
        <test-method signature="engine(java.lang.String)[pri:41, instance:ThirdParty.TC_13@158a8276]" started-at="2024-09-16T16:59:29 IST" name="engine" data-provider="engine" finished-at="2024-09-16T16:59:30 IST" depends-on-methods="ThirdParty.TC_13.nominee_btn" duration-ms="1206" status="PASS">
          <params>
            <param index="0">
              <value>
                <![CDATA[ABCDEF12345678]]>
              </value>
            </param>
          </params>
          <reporter-output>
          </reporter-output>
        </test-method> <!-- engine -->
        <test-method signature="chasis(java.lang.String)[pri:42, instance:ThirdParty.TC_13@158a8276]" started-at="2024-09-16T16:59:30 IST" name="chasis" data-provider="engine" finished-at="2024-09-16T16:59:30 IST" depends-on-methods="ThirdParty.TC_13.engine" duration-ms="120" status="PASS">
          <params>
            <param index="0">
              <value>
                <![CDATA[ABCDEF12345678]]>
              </value>
            </param>
          </params>
          <reporter-output>
          </reporter-output>
        </test-method> <!-- chasis -->
        <test-method signature="loan_yes()[pri:43, instance:ThirdParty.TC_13@158a8276]" started-at="2024-09-16T16:59:30 IST" name="loan_yes" finished-at="2024-09-16T16:59:31 IST" depends-on-methods="ThirdParty.TC_13.chasis" duration-ms="77" status="PASS">
          <reporter-output>
          </reporter-output>
        </test-method> <!-- loan_yes -->
        <test-method signature="bnk_name()[pri:44, instance:ThirdParty.TC_13@158a8276]" started-at="2024-09-16T16:59:31 IST" name="bnk_name" finished-at="2024-09-16T16:59:31 IST" depends-on-methods="ThirdParty.TC_13.loan_yes" duration-ms="119" status="PASS">
          <reporter-output>
          </reporter-output>
        </test-method> <!-- bnk_name -->
        <test-method signature="bnk_city()[pri:45, instance:ThirdParty.TC_13@158a8276]" started-at="2024-09-16T16:59:31 IST" name="bnk_city" finished-at="2024-09-16T16:59:31 IST" depends-on-methods="ThirdParty.TC_13.bnk_name" duration-ms="122" status="PASS">
          <reporter-output>
          </reporter-output>
        </test-method> <!-- bnk_city -->
        <test-method signature="vehicle_button()[pri:46, instance:ThirdParty.TC_13@158a8276]" started-at="2024-09-16T16:59:31 IST" name="vehicle_button" finished-at="2024-09-16T16:59:31 IST" depends-on-methods="ThirdParty.TC_13.bnk_city" duration-ms="87" status="PASS">
          <reporter-output>
          </reporter-output>
        </test-method> <!-- vehicle_button -->
        <test-method signature="previous_policy()[pri:47, instance:ThirdParty.TC_13@158a8276]" started-at="2024-09-16T16:59:31 IST" name="previous_policy" finished-at="2024-09-16T16:59:32 IST" depends-on-methods="ThirdParty.TC_13.vehicle_button" duration-ms="933" status="PASS">
          <reporter-output>
          </reporter-output>
        </test-method> <!-- previous_policy -->
        <test-method signature="terms()[pri:48, instance:ThirdParty.TC_13@158a8276]" started-at="2024-09-16T16:59:32 IST" name="terms" finished-at="2024-09-16T16:59:33 IST" depends-on-methods="ThirdParty.TC_13.previous_policy" duration-ms="687" status="PASS">
          <reporter-output>
          </reporter-output>
        </test-method> <!-- terms -->
        <test-method signature="existing_cust()[pri:49, instance:ThirdParty.TC_13@158a8276]" started-at="2024-09-16T16:59:33 IST" name="existing_cust" finished-at="2024-09-16T16:59:33 IST" depends-on-methods="ThirdParty.TC_13.terms" duration-ms="77" status="PASS">
          <reporter-output>
          </reporter-output>
        </test-method> <!-- existing_cust -->
        <test-method signature="Make_payment()[pri:50, instance:ThirdParty.TC_13@158a8276]" started-at="2024-09-16T16:59:33 IST" name="Make_payment" finished-at="2024-09-16T16:59:33 IST" depends-on-methods="ThirdParty.TC_13.existing_cust" duration-ms="65" status="PASS">
          <reporter-output>
          </reporter-output>
        </test-method> <!-- Make_payment -->
        <test-method signature="Make_payment_rel()[pri:51, instance:ThirdParty.TC_13@158a8276]" started-at="2024-09-16T16:59:33 IST" name="Make_payment_rel" finished-at="2024-09-16T16:59:57 IST" depends-on-methods="ThirdParty.TC_13.Make_payment" duration-ms="24588" status="PASS">
          <reporter-output>
          </reporter-output>
        </test-method> <!-- Make_payment_rel -->
        <test-method signature="net_banking()[pri:52, instance:ThirdParty.TC_13@158a8276]" started-at="2024-09-16T16:59:57 IST" name="net_banking" finished-at="2024-09-16T16:59:57 IST" depends-on-methods="ThirdParty.TC_13.Make_payment_rel" duration-ms="110" status="PASS">
          <reporter-output>
          </reporter-output>
        </test-method> <!-- net_banking -->
        <test-method signature="select_bank()[pri:53, instance:ThirdParty.TC_13@158a8276]" started-at="2024-09-16T16:59:57 IST" name="select_bank" finished-at="2024-09-16T16:59:58 IST" depends-on-methods="ThirdParty.TC_13.net_banking" duration-ms="182" status="PASS">
          <reporter-output>
          </reporter-output>
        </test-method> <!-- select_bank -->
        <test-method signature="Rel_payment()[pri:54, instance:ThirdParty.TC_13@158a8276]" started-at="2024-09-16T16:59:58 IST" name="Rel_payment" finished-at="2024-09-16T16:59:58 IST" depends-on-methods="ThirdParty.TC_13.select_bank" duration-ms="436" status="PASS">
          <reporter-output>
          </reporter-output>
        </test-method> <!-- Rel_payment -->
        <test-method signature="success_payment()[pri:55, instance:ThirdParty.TC_13@158a8276]" started-at="2024-09-16T16:59:58 IST" name="success_payment" finished-at="2024-09-16T17:00:20 IST" depends-on-methods="ThirdParty.TC_13.Rel_payment" duration-ms="21958" status="PASS">
          <reporter-output>
          </reporter-output>
        </test-method> <!-- success_payment -->
        <test-method signature="get_policyno()[pri:56, instance:ThirdParty.TC_13@158a8276]" started-at="2024-09-16T17:00:20 IST" name="get_policyno" finished-at="2024-09-16T17:00:20 IST" depends-on-methods="ThirdParty.TC_13.success_payment" duration-ms="52" status="PASS">
          <reporter-output>
          </reporter-output>
        </test-method> <!-- get_policyno -->
      </class> <!-- ThirdParty.TC_13 -->
      <class name="ThirdParty.TC_12">
        <test-method is-config="true" signature="setup()[pri:0, instance:ThirdParty.TC_12@13b6aecc]" started-at="2024-09-16T16:56:28 IST" name="setup" finished-at="2024-09-16T16:56:56 IST" duration-ms="28099" status="PASS">
          <reporter-output>
          </reporter-output>
        </test-method> <!-- setup -->
        <test-method signature="clickCarModule()[pri:0, instance:ThirdParty.TC_12@13b6aecc]" started-at="2024-09-16T16:56:56 IST" name="clickCarModule" finished-at="2024-09-16T16:56:58 IST" duration-ms="1564" status="PASS">
          <reporter-output>
          </reporter-output>
        </test-method> <!-- clickCarModule -->
        <test-method signature="dontknowcar()[pri:1, instance:ThirdParty.TC_12@13b6aecc]" started-at="2024-09-16T16:56:58 IST" name="dontknowcar" finished-at="2024-09-16T16:56:59 IST" depends-on-methods="ThirdParty.TC_12.clickCarModule" duration-ms="988" status="PASS">
          <reporter-output>
          </reporter-output>
        </test-method> <!-- dontknowcar -->
        <test-method signature="Third_party()[pri:2, instance:ThirdParty.TC_12@13b6aecc]" started-at="2024-09-16T16:56:59 IST" name="Third_party" finished-at="2024-09-16T16:56:59 IST" depends-on-methods="ThirdParty.TC_12.dontknowcar" duration-ms="228" status="PASS">
          <reporter-output>
          </reporter-output>
        </test-method> <!-- Third_party -->
        <test-method signature="exisitngTP_popup()[pri:3, instance:ThirdParty.TC_12@13b6aecc]" started-at="2024-09-16T16:56:59 IST" name="exisitngTP_popup" finished-at="2024-09-16T16:56:59 IST" depends-on-methods="ThirdParty.TC_12.Third_party" duration-ms="2" status="PASS">
          <reporter-output>
          </reporter-output>
        </test-method> <!-- exisitngTP_popup -->
        <test-method signature="rto_num(java.lang.String)[pri:4, instance:ThirdParty.TC_12@13b6aecc]" started-at="2024-09-16T16:56:59 IST" name="rto_num" data-provider="rtoData" finished-at="2024-09-16T16:57:00 IST" depends-on-methods="ThirdParty.TC_12.exisitngTP_popup" duration-ms="1127" status="PASS">
          <params>
            <param index="0">
              <value>
                <![CDATA[MH01]]>
              </value>
            </param>
          </params>
          <reporter-output>
          </reporter-output>
        </test-method> <!-- rto_num -->
        <test-method signature="reg_date()[pri:5, instance:ThirdParty.TC_12@13b6aecc]" started-at="2024-09-16T16:57:00 IST" name="reg_date" finished-at="2024-09-16T16:57:02 IST" depends-on-methods="ThirdParty.TC_12.rto_num" duration-ms="2586" status="PASS">
          <reporter-output>
          </reporter-output>
        </test-method> <!-- reg_date -->
        <test-method signature="vehicle_num(java.lang.String)[pri:6, instance:ThirdParty.TC_12@13b6aecc]" started-at="2024-09-16T16:57:02 IST" name="vehicle_num" data-provider="vehicleno" finished-at="2024-09-16T16:57:03 IST" depends-on-methods="ThirdParty.TC_12.reg_date" duration-ms="225" status="PASS">
          <params>
            <param index="0">
              <value>
                <![CDATA[MH01-AB-2558]]>
              </value>
            </param>
          </params>
          <reporter-output>
          </reporter-output>
        </test-method> <!-- vehicle_num -->
        <test-method signature="make(java.lang.String)[pri:7, instance:ThirdParty.TC_12@13b6aecc]" started-at="2024-09-16T16:57:03 IST" name="make" data-provider="makeData" finished-at="2024-09-16T16:57:04 IST" depends-on-methods="ThirdParty.TC_12.vehicle_num" duration-ms="816" status="PASS">
          <params>
            <param index="0">
              <value>
                <![CDATA[Hond]]>
              </value>
            </param>
          </params>
          <reporter-output>
          </reporter-output>
        </test-method> <!-- make -->
        <test-method signature="model()[pri:8, instance:ThirdParty.TC_12@13b6aecc]" started-at="2024-09-16T16:57:04 IST" name="model" finished-at="2024-09-16T16:57:04 IST" depends-on-methods="ThirdParty.TC_12.make" duration-ms="724" status="PASS">
          <reporter-output>
          </reporter-output>
        </test-method> <!-- model -->
        <test-method signature="variant()[pri:9, instance:ThirdParty.TC_12@13b6aecc]" started-at="2024-09-16T16:57:04 IST" name="variant" finished-at="2024-09-16T16:57:05 IST" depends-on-methods="ThirdParty.TC_12.model" duration-ms="650" status="PASS">
          <reporter-output>
          </reporter-output>
        </test-method> <!-- variant -->
        <test-method signature="previous_pol()[pri:10, instance:ThirdParty.TC_12@13b6aecc]" started-at="2024-09-16T16:57:05 IST" name="previous_pol" finished-at="2024-09-16T16:57:06 IST" depends-on-methods="ThirdParty.TC_12.variant" duration-ms="671" status="PASS">
          <reporter-output>
          </reporter-output>
        </test-method> <!-- previous_pol -->
        <test-method signature="existing_insurer()[pri:11, instance:ThirdParty.TC_12@13b6aecc]" started-at="2024-09-16T16:57:06 IST" name="existing_insurer" finished-at="2024-09-16T16:57:06 IST" depends-on-methods="ThirdParty.TC_12.previous_pol" duration-ms="210" status="PASS">
          <reporter-output>
          </reporter-output>
        </test-method> <!-- existing_insurer -->
        <test-method signature="pol_Expirydate()[pri:12, instance:ThirdParty.TC_12@13b6aecc]" started-at="2024-09-16T16:57:06 IST" name="pol_Expirydate" finished-at="2024-09-16T16:57:07 IST" depends-on-methods="ThirdParty.TC_12.existing_insurer" duration-ms="1484" status="PASS">
          <reporter-output>
          </reporter-output>
        </test-method> <!-- pol_Expirydate -->
        <test-method signature="owner_type()[pri:13, instance:ThirdParty.TC_12@13b6aecc]" started-at="2024-09-16T16:57:07 IST" name="owner_type" finished-at="2024-09-16T16:57:07 IST" depends-on-methods="ThirdParty.TC_12.pol_Expirydate" duration-ms="98" status="PASS">
          <reporter-output>
          </reporter-output>
        </test-method> <!-- owner_type -->
        <test-method signature="ownership_no()[pri:14, instance:ThirdParty.TC_12@13b6aecc]" started-at="2024-09-16T16:57:07 IST" name="ownership_no" finished-at="2024-09-16T16:57:08 IST" depends-on-methods="ThirdParty.TC_12.owner_type" duration-ms="123" status="PASS">
          <reporter-output>
          </reporter-output>
        </test-method> <!-- ownership_no -->
        <test-method signature="claim_No()[pri:15, instance:ThirdParty.TC_12@13b6aecc]" started-at="2024-09-16T16:57:08 IST" name="claim_No" finished-at="2024-09-16T16:57:08 IST" depends-on-methods="ThirdParty.TC_12.ownership_no" duration-ms="1" status="PASS">
          <reporter-output>
          </reporter-output>
        </test-method> <!-- claim_No -->
        <test-method signature="ncb_drpdwn()[pri:16, instance:ThirdParty.TC_12@13b6aecc]" started-at="2024-09-16T16:57:08 IST" name="ncb_drpdwn" finished-at="2024-09-16T16:57:08 IST" depends-on-methods="ThirdParty.TC_12.claim_No" duration-ms="1" status="PASS">
          <reporter-output>
          </reporter-output>
        </test-method> <!-- ncb_drpdwn -->
        <test-method signature="fullname(java.lang.String)[pri:17, instance:ThirdParty.TC_12@13b6aecc]" started-at="2024-09-16T16:57:08 IST" name="fullname" data-provider="fullname" finished-at="2024-09-16T16:57:08 IST" depends-on-methods="ThirdParty.TC_12.ncb_drpdwn" duration-ms="350" status="PASS">
          <params>
            <param index="0">
              <value>
                <![CDATA[Vishal Bilandi]]>
              </value>
            </param>
          </params>
          <reporter-output>
          </reporter-output>
        </test-method> <!-- fullname -->
        <test-method signature="mobnum(java.lang.String)[pri:18, instance:ThirdParty.TC_12@13b6aecc]" started-at="2024-09-16T16:57:08 IST" name="mobnum" data-provider="Mobilenum" finished-at="2024-09-16T16:57:08 IST" depends-on-methods="ThirdParty.TC_12.fullname" duration-ms="306" status="PASS">
          <params>
            <param index="0">
              <value>
                <![CDATA[9311506762]]>
              </value>
            </param>
          </params>
          <reporter-output>
          </reporter-output>
        </test-method> <!-- mobnum -->
        <test-method signature="term_con()[pri:19, instance:ThirdParty.TC_12@13b6aecc]" started-at="2024-09-16T16:57:08 IST" name="term_con" finished-at="2024-09-16T16:57:08 IST" depends-on-methods="ThirdParty.TC_12.mobnum" duration-ms="95" status="PASS">
          <reporter-output>
          </reporter-output>
        </test-method> <!-- term_con -->
        <test-method signature="get_quote()[pri:20, instance:ThirdParty.TC_12@13b6aecc]" started-at="2024-09-16T16:57:08 IST" name="get_quote" finished-at="2024-09-16T16:57:09 IST" depends-on-methods="ThirdParty.TC_12.term_con" duration-ms="511" status="PASS">
          <reporter-output>
          </reporter-output>
        </test-method> <!-- get_quote -->
        <test-method signature="pa_cover()[pri:21, instance:ThirdParty.TC_12@13b6aecc]" started-at="2024-09-16T16:57:09 IST" name="pa_cover" finished-at="2024-09-16T16:57:53 IST" depends-on-methods="ThirdParty.TC_12.get_quote" duration-ms="44146" status="PASS">
          <reporter-output>
          </reporter-output>
        </test-method> <!-- pa_cover -->
        <test-method signature="cng(java.lang.String)[pri:22, instance:ThirdParty.TC_12@13b6aecc]" started-at="2024-09-16T16:57:53 IST" name="cng" data-provider="cng_value" finished-at="2024-09-16T16:57:57 IST" depends-on-methods="ThirdParty.TC_12.pa_cover" duration-ms="4173" status="PASS">
          <params>
            <param index="0">
              <value>
                <![CDATA[20000]]>
              </value>
            </param>
          </params>
          <reporter-output>
          </reporter-output>
        </test-method> <!-- cng -->
        <test-method signature="premium()[pri:23, instance:ThirdParty.TC_12@13b6aecc]" started-at="2024-09-16T16:57:57 IST" name="premium" finished-at="2024-09-16T16:58:05 IST" depends-on-methods="ThirdParty.TC_12.cng" duration-ms="7736" status="PASS">
          <reporter-output>
          </reporter-output>
        </test-method> <!-- premium -->
        <test-method signature="kyc_button()[pri:24, instance:ThirdParty.TC_12@13b6aecc]" started-at="2024-09-16T16:58:05 IST" name="kyc_button" finished-at="2024-09-16T16:58:06 IST" depends-on-methods="ThirdParty.TC_12.premium" duration-ms="1362" status="PASS">
          <reporter-output>
          </reporter-output>
        </test-method> <!-- kyc_button -->
        <test-method signature="ckyc_number(java.lang.String)[pri:25, instance:ThirdParty.TC_12@13b6aecc]" started-at="2024-09-16T16:58:06 IST" name="ckyc_number" data-provider="ckyc_number" finished-at="2024-09-16T16:58:06 IST" depends-on-methods="ThirdParty.TC_12.kyc_button" duration-ms="233" status="PASS">
          <params>
            <param index="0">
              <value>
                <![CDATA[10085792349036]]>
              </value>
            </param>
          </params>
          <reporter-output>
          </reporter-output>
        </test-method> <!-- ckyc_number -->
        <test-method signature="dob_calender()[pri:27, instance:ThirdParty.TC_12@13b6aecc]" started-at="2024-09-16T16:58:06 IST" name="dob_calender" finished-at="2024-09-16T16:58:07 IST" depends-on-methods="ThirdParty.TC_12.ckyc_number" duration-ms="712" status="PASS">
          <reporter-output>
          </reporter-output>
        </test-method> <!-- dob_calender -->
        <test-method signature="email(java.lang.String)[pri:28, instance:ThirdParty.TC_12@13b6aecc]" started-at="2024-09-16T16:58:07 IST" name="email" data-provider="enter_email" finished-at="2024-09-16T16:58:07 IST" depends-on-methods="ThirdParty.TC_12.dob_calender" duration-ms="198" status="PASS">
          <params>
            <param index="0">
              <value>
                <![CDATA[swapqa@simsontech.onmicrosoft.com]]>
              </value>
            </param>
          </params>
          <reporter-output>
          </reporter-output>
        </test-method> <!-- email -->
        <test-method signature="Verify_kyc()[pri:29, instance:ThirdParty.TC_12@13b6aecc]" started-at="2024-09-16T16:58:07 IST" name="Verify_kyc" finished-at="2024-09-16T16:58:07 IST" depends-on-methods="ThirdParty.TC_12.email" duration-ms="99" status="PASS">
          <reporter-output>
          </reporter-output>
        </test-method> <!-- Verify_kyc -->
        <test-method signature="Marital()[pri:30, instance:ThirdParty.TC_12@13b6aecc]" started-at="2024-09-16T16:58:08 IST" name="Marital" finished-at="2024-09-16T16:58:09 IST" depends-on-methods="ThirdParty.TC_12.Verify_kyc" duration-ms="1725" status="PASS">
          <reporter-output>
          </reporter-output>
        </test-method> <!-- Marital -->
        <test-method signature="pan(java.lang.String)[pri:31, instance:ThirdParty.TC_12@13b6aecc]" started-at="2024-09-16T16:58:09 IST" name="pan" data-provider="pancard" finished-at="2024-09-16T16:58:10 IST" depends-on-methods="ThirdParty.TC_12.Marital" duration-ms="417" status="PASS">
          <params>
            <param index="0">
              <value>
                <![CDATA[EVDPB3193P]]>
              </value>
            </param>
          </params>
          <reporter-output>
          </reporter-output>
        </test-method> <!-- pan -->
        <test-method signature="email_reset(java.lang.String)[pri:32, instance:ThirdParty.TC_12@13b6aecc]" started-at="2024-09-16T16:58:10 IST" name="email_reset" data-provider="email_reset" finished-at="2024-09-16T16:58:10 IST" depends-on-methods="ThirdParty.TC_12.pan" duration-ms="409" status="PASS">
          <params>
            <param index="0">
              <value>
                <![CDATA[swapqa@simsontech.onmicrosoft.com]]>
              </value>
            </param>
          </params>
          <reporter-output>
          </reporter-output>
        </test-method> <!-- email_reset -->
        <test-method signature="insureddetails_btn()[pri:33, instance:ThirdParty.TC_12@13b6aecc]" started-at="2024-09-16T16:58:10 IST" name="insureddetails_btn" finished-at="2024-09-16T16:58:10 IST" depends-on-methods="ThirdParty.TC_12.email_reset" duration-ms="84" status="PASS">
          <reporter-output>
          </reporter-output>
        </test-method> <!-- insureddetails_btn -->
        <test-method signature="address(java.lang.String)[pri:34, instance:ThirdParty.TC_12@13b6aecc]" started-at="2024-09-16T16:58:10 IST" name="address" data-provider="pincode" finished-at="2024-09-16T16:58:12 IST" depends-on-methods="ThirdParty.TC_12.insureddetails_btn" duration-ms="2182" status="PASS">
          <params>
            <param index="0">
              <value>
                <![CDATA[400001]]>
              </value>
            </param>
          </params>
          <reporter-output>
          </reporter-output>
        </test-method> <!-- address -->
        <test-method signature="current_address()[pri:35, instance:ThirdParty.TC_12@13b6aecc]" started-at="2024-09-16T16:58:12 IST" name="current_address" finished-at="2024-09-16T16:58:12 IST" depends-on-methods="ThirdParty.TC_12.address" duration-ms="69" status="PASS">
          <reporter-output>
          </reporter-output>
        </test-method> <!-- current_address -->
        <test-method signature="address_btn()[pri:36, instance:ThirdParty.TC_12@13b6aecc]" started-at="2024-09-16T16:58:12 IST" name="address_btn" finished-at="2024-09-16T16:58:12 IST" depends-on-methods="ThirdParty.TC_12.current_address" duration-ms="89" status="PASS">
          <reporter-output>
          </reporter-output>
        </test-method> <!-- address_btn -->
        <test-method signature="nomin_name(java.lang.String)[pri:37, instance:ThirdParty.TC_12@13b6aecc]" started-at="2024-09-16T16:58:12 IST" name="nomin_name" data-provider="nominee" finished-at="2024-09-16T16:58:17 IST" depends-on-methods="ThirdParty.TC_12.address_btn" duration-ms="4671" status="PASS">
          <params>
            <param index="0">
              <value>
                <![CDATA[Test abc]]>
              </value>
            </param>
          </params>
          <reporter-output>
          </reporter-output>
        </test-method> <!-- nomin_name -->
        <test-method signature="nominee_marital()[pri:38, instance:ThirdParty.TC_12@13b6aecc]" started-at="2024-09-16T16:58:17 IST" name="nominee_marital" finished-at="2024-09-16T16:58:19 IST" depends-on-methods="ThirdParty.TC_12.nomin_name" duration-ms="2151" status="PASS">
          <reporter-output>
          </reporter-output>
        </test-method> <!-- nominee_marital -->
        <test-method signature="nominee_dob()[pri:39, instance:ThirdParty.TC_12@13b6aecc]" started-at="2024-09-16T16:58:19 IST" name="nominee_dob" finished-at="2024-09-16T16:58:20 IST" depends-on-methods="ThirdParty.TC_12.nominee_marital" duration-ms="318" status="PASS">
          <reporter-output>
          </reporter-output>
        </test-method> <!-- nominee_dob -->
        <test-method signature="nominee_btn()[pri:40, instance:ThirdParty.TC_12@13b6aecc]" started-at="2024-09-16T16:58:20 IST" name="nominee_btn" finished-at="2024-09-16T16:58:20 IST" depends-on-methods="ThirdParty.TC_12.nominee_dob" duration-ms="79" status="PASS">
          <reporter-output>
          </reporter-output>
        </test-method> <!-- nominee_btn -->
        <test-method signature="engine(java.lang.String)[pri:41, instance:ThirdParty.TC_12@13b6aecc]" started-at="2024-09-16T16:58:20 IST" name="engine" data-provider="engine" finished-at="2024-09-16T16:58:21 IST" depends-on-methods="ThirdParty.TC_12.nominee_btn" duration-ms="1205" status="PASS">
          <params>
            <param index="0">
              <value>
                <![CDATA[ABCDEF12345678]]>
              </value>
            </param>
          </params>
          <reporter-output>
          </reporter-output>
        </test-method> <!-- engine -->
        <test-method signature="chasis(java.lang.String)[pri:42, instance:ThirdParty.TC_12@13b6aecc]" started-at="2024-09-16T16:58:21 IST" name="chasis" data-provider="engine" finished-at="2024-09-16T16:58:21 IST" depends-on-methods="ThirdParty.TC_12.engine" duration-ms="118" status="PASS">
          <params>
            <param index="0">
              <value>
                <![CDATA[ABCDEF12345678]]>
              </value>
            </param>
          </params>
          <reporter-output>
          </reporter-output>
        </test-method> <!-- chasis -->
        <test-method signature="loan_yes()[pri:43, instance:ThirdParty.TC_12@13b6aecc]" started-at="2024-09-16T16:58:21 IST" name="loan_yes" finished-at="2024-09-16T16:58:21 IST" depends-on-methods="ThirdParty.TC_12.chasis" duration-ms="84" status="PASS">
          <reporter-output>
          </reporter-output>
        </test-method> <!-- loan_yes -->
        <test-method signature="bnk_name()[pri:44, instance:ThirdParty.TC_12@13b6aecc]" started-at="2024-09-16T16:58:21 IST" name="bnk_name" finished-at="2024-09-16T16:58:21 IST" depends-on-methods="ThirdParty.TC_12.loan_yes" duration-ms="124" status="PASS">
          <reporter-output>
          </reporter-output>
        </test-method> <!-- bnk_name -->
        <test-method signature="bnk_city()[pri:45, instance:ThirdParty.TC_12@13b6aecc]" started-at="2024-09-16T16:58:21 IST" name="bnk_city" finished-at="2024-09-16T16:58:21 IST" depends-on-methods="ThirdParty.TC_12.bnk_name" duration-ms="127" status="PASS">
          <reporter-output>
          </reporter-output>
        </test-method> <!-- bnk_city -->
        <test-method signature="vehicle_button()[pri:46, instance:ThirdParty.TC_12@13b6aecc]" started-at="2024-09-16T16:58:21 IST" name="vehicle_button" finished-at="2024-09-16T16:58:21 IST" depends-on-methods="ThirdParty.TC_12.bnk_city" duration-ms="94" status="PASS">
          <reporter-output>
          </reporter-output>
        </test-method> <!-- vehicle_button -->
        <test-method signature="previous_policy()[pri:47, instance:ThirdParty.TC_12@13b6aecc]" started-at="2024-09-16T16:58:21 IST" name="previous_policy" finished-at="2024-09-16T16:58:23 IST" depends-on-methods="ThirdParty.TC_12.vehicle_button" duration-ms="1014" status="PASS">
          <reporter-output>
          </reporter-output>
        </test-method> <!-- previous_policy -->
        <test-method signature="terms()[pri:48, instance:ThirdParty.TC_12@13b6aecc]" started-at="2024-09-16T16:58:23 IST" name="terms" finished-at="2024-09-16T16:58:23 IST" depends-on-methods="ThirdParty.TC_12.previous_policy" duration-ms="653" status="PASS">
          <reporter-output>
          </reporter-output>
        </test-method> <!-- terms -->
        <test-method signature="existing_cust()[pri:49, instance:ThirdParty.TC_12@13b6aecc]" started-at="2024-09-16T16:58:23 IST" name="existing_cust" finished-at="2024-09-16T16:58:23 IST" depends-on-methods="ThirdParty.TC_12.terms" duration-ms="94" status="PASS">
          <reporter-output>
          </reporter-output>
        </test-method> <!-- existing_cust -->
        <test-method signature="Make_payment()[pri:50, instance:ThirdParty.TC_12@13b6aecc]" started-at="2024-09-16T16:58:23 IST" name="Make_payment" finished-at="2024-09-16T16:58:23 IST" depends-on-methods="ThirdParty.TC_12.existing_cust" duration-ms="78" status="PASS">
          <reporter-output>
          </reporter-output>
        </test-method> <!-- Make_payment -->
        <test-method signature="Make_payment_rel()[pri:51, instance:ThirdParty.TC_12@13b6aecc]" started-at="2024-09-16T16:58:23 IST" name="Make_payment_rel" finished-at="2024-09-16T16:58:55 IST" depends-on-methods="ThirdParty.TC_12.Make_payment" duration-ms="32136" status="PASS">
          <reporter-output>
          </reporter-output>
        </test-method> <!-- Make_payment_rel -->
        <test-method signature="net_banking()[pri:52, instance:ThirdParty.TC_12@13b6aecc]" started-at="2024-09-16T16:58:55 IST" name="net_banking" finished-at="2024-09-16T16:58:56 IST" depends-on-methods="ThirdParty.TC_12.Make_payment_rel" duration-ms="106" status="PASS">
          <reporter-output>
          </reporter-output>
        </test-method> <!-- net_banking -->
        <test-method signature="select_bank()[pri:53, instance:ThirdParty.TC_12@13b6aecc]" started-at="2024-09-16T16:58:56 IST" name="select_bank" finished-at="2024-09-16T16:58:56 IST" depends-on-methods="ThirdParty.TC_12.net_banking" duration-ms="199" status="PASS">
          <reporter-output>
          </reporter-output>
        </test-method> <!-- select_bank -->
        <test-method signature="Rel_payment()[pri:54, instance:ThirdParty.TC_12@13b6aecc]" started-at="2024-09-16T16:58:56 IST" name="Rel_payment" finished-at="2024-09-16T16:58:56 IST" depends-on-methods="ThirdParty.TC_12.select_bank" duration-ms="414" status="PASS">
          <reporter-output>
          </reporter-output>
        </test-method> <!-- Rel_payment -->
        <test-method signature="success_payment()[pri:55, instance:ThirdParty.TC_12@13b6aecc]" started-at="2024-09-16T16:58:56 IST" name="success_payment" finished-at="2024-09-16T16:59:03 IST" depends-on-methods="ThirdParty.TC_12.Rel_payment" duration-ms="6302" status="PASS">
          <reporter-output>
          </reporter-output>
        </test-method> <!-- success_payment -->
        <test-method signature="get_policyno()[pri:56, instance:ThirdParty.TC_12@13b6aecc]" started-at="2024-09-16T16:59:03 IST" name="get_policyno" finished-at="2024-09-16T16:59:17 IST" depends-on-methods="ThirdParty.TC_12.success_payment" duration-ms="14692" status="PASS">
          <reporter-output>
          </reporter-output>
        </test-method> <!-- get_policyno -->
      </class> <!-- ThirdParty.TC_12 -->
      <class name="ThirdParty.TC_11">
        <test-method is-config="true" signature="setup()[pri:0, instance:ThirdParty.TC_11@7d8704ef]" started-at="2024-09-16T16:56:28 IST" name="setup" finished-at="2024-09-16T16:56:52 IST" duration-ms="23645" status="PASS">
          <reporter-output>
          </reporter-output>
        </test-method> <!-- setup -->
        <test-method signature="clickCarModule()[pri:0, instance:ThirdParty.TC_11@7d8704ef]" started-at="2024-09-16T16:56:52 IST" name="clickCarModule" finished-at="2024-09-16T16:56:58 IST" duration-ms="6037" status="PASS">
          <reporter-output>
          </reporter-output>
        </test-method> <!-- clickCarModule -->
        <test-method signature="dontknowcar()[pri:1, instance:ThirdParty.TC_11@7d8704ef]" started-at="2024-09-16T16:56:58 IST" name="dontknowcar" finished-at="2024-09-16T16:57:00 IST" depends-on-methods="ThirdParty.TC_11.clickCarModule" duration-ms="2932" status="PASS">
          <reporter-output>
          </reporter-output>
        </test-method> <!-- dontknowcar -->
        <test-method signature="Third_party()[pri:2, instance:ThirdParty.TC_11@7d8704ef]" started-at="2024-09-16T16:57:00 IST" name="Third_party" finished-at="2024-09-16T16:57:01 IST" depends-on-methods="ThirdParty.TC_11.dontknowcar" duration-ms="179" status="PASS">
          <reporter-output>
          </reporter-output>
        </test-method> <!-- Third_party -->
        <test-method signature="exisitngTP_popup()[pri:3, instance:ThirdParty.TC_11@7d8704ef]" started-at="2024-09-16T16:57:01 IST" name="exisitngTP_popup" finished-at="2024-09-16T16:57:01 IST" depends-on-methods="ThirdParty.TC_11.Third_party" duration-ms="1" status="PASS">
          <reporter-output>
          </reporter-output>
        </test-method> <!-- exisitngTP_popup -->
        <test-method signature="rto_num(java.lang.String)[pri:4, instance:ThirdParty.TC_11@7d8704ef]" started-at="2024-09-16T16:57:01 IST" name="rto_num" data-provider="rtoData" finished-at="2024-09-16T16:57:01 IST" depends-on-methods="ThirdParty.TC_11.exisitngTP_popup" duration-ms="794" status="PASS">
          <params>
            <param index="0">
              <value>
                <![CDATA[MH01]]>
              </value>
            </param>
          </params>
          <reporter-output>
          </reporter-output>
        </test-method> <!-- rto_num -->
        <test-method signature="reg_date()[pri:5, instance:ThirdParty.TC_11@7d8704ef]" started-at="2024-09-16T16:57:01 IST" name="reg_date" finished-at="2024-09-16T16:57:02 IST" depends-on-methods="ThirdParty.TC_11.rto_num" duration-ms="753" status="PASS">
          <reporter-output>
          </reporter-output>
        </test-method> <!-- reg_date -->
        <test-method signature="vehicle_num(java.lang.String)[pri:6, instance:ThirdParty.TC_11@7d8704ef]" started-at="2024-09-16T16:57:02 IST" name="vehicle_num" data-provider="vehicleno" finished-at="2024-09-16T16:57:02 IST" depends-on-methods="ThirdParty.TC_11.reg_date" duration-ms="218" status="PASS">
          <params>
            <param index="0">
              <value>
                <![CDATA[MH01-AB-2558]]>
              </value>
            </param>
          </params>
          <reporter-output>
          </reporter-output>
        </test-method> <!-- vehicle_num -->
        <test-method signature="make(java.lang.String)[pri:7, instance:ThirdParty.TC_11@7d8704ef]" started-at="2024-09-16T16:57:02 IST" name="make" data-provider="makeData" finished-at="2024-09-16T16:57:03 IST" depends-on-methods="ThirdParty.TC_11.vehicle_num" duration-ms="682" status="PASS">
          <params>
            <param index="0">
              <value>
                <![CDATA[Hond]]>
              </value>
            </param>
          </params>
          <reporter-output>
          </reporter-output>
        </test-method> <!-- make -->
        <test-method signature="model()[pri:8, instance:ThirdParty.TC_11@7d8704ef]" started-at="2024-09-16T16:57:03 IST" name="model" finished-at="2024-09-16T16:57:04 IST" depends-on-methods="ThirdParty.TC_11.make" duration-ms="534" status="PASS">
          <reporter-output>
          </reporter-output>
        </test-method> <!-- model -->
        <test-method signature="variant()[pri:9, instance:ThirdParty.TC_11@7d8704ef]" started-at="2024-09-16T16:57:04 IST" name="variant" finished-at="2024-09-16T16:57:04 IST" depends-on-methods="ThirdParty.TC_11.model" duration-ms="393" status="PASS">
          <reporter-output>
          </reporter-output>
        </test-method> <!-- variant -->
        <test-method signature="previous_pol()[pri:10, instance:ThirdParty.TC_11@7d8704ef]" started-at="2024-09-16T16:57:04 IST" name="previous_pol" finished-at="2024-09-16T16:57:04 IST" depends-on-methods="ThirdParty.TC_11.variant" duration-ms="172" status="PASS">
          <reporter-output>
          </reporter-output>
        </test-method> <!-- previous_pol -->
        <test-method signature="existing_insurer()[pri:11, instance:ThirdParty.TC_11@7d8704ef]" started-at="2024-09-16T16:57:04 IST" name="existing_insurer" finished-at="2024-09-16T16:57:05 IST" depends-on-methods="ThirdParty.TC_11.previous_pol" duration-ms="277" status="PASS">
          <reporter-output>
          </reporter-output>
        </test-method> <!-- existing_insurer -->
        <test-method signature="pol_Expirydate()[pri:12, instance:ThirdParty.TC_11@7d8704ef]" started-at="2024-09-16T16:57:05 IST" name="pol_Expirydate" finished-at="2024-09-16T16:57:05 IST" depends-on-methods="ThirdParty.TC_11.existing_insurer" duration-ms="649" status="PASS">
          <reporter-output>
          </reporter-output>
        </test-method> <!-- pol_Expirydate -->
        <test-method signature="owner_type()[pri:13, instance:ThirdParty.TC_11@7d8704ef]" started-at="2024-09-16T16:57:05 IST" name="owner_type" finished-at="2024-09-16T16:57:05 IST" depends-on-methods="ThirdParty.TC_11.pol_Expirydate" duration-ms="135" status="PASS">
          <reporter-output>
          </reporter-output>
        </test-method> <!-- owner_type -->
        <test-method signature="ownership_no()[pri:14, instance:ThirdParty.TC_11@7d8704ef]" started-at="2024-09-16T16:57:05 IST" name="ownership_no" finished-at="2024-09-16T16:57:06 IST" depends-on-methods="ThirdParty.TC_11.owner_type" duration-ms="243" status="PASS">
          <reporter-output>
          </reporter-output>
        </test-method> <!-- ownership_no -->
        <test-method signature="claim_No()[pri:15, instance:ThirdParty.TC_11@7d8704ef]" started-at="2024-09-16T16:57:06 IST" name="claim_No" finished-at="2024-09-16T16:57:06 IST" depends-on-methods="ThirdParty.TC_11.ownership_no" duration-ms="1" status="PASS">
          <reporter-output>
          </reporter-output>
        </test-method> <!-- claim_No -->
        <test-method signature="ncb_drpdwn()[pri:16, instance:ThirdParty.TC_11@7d8704ef]" started-at="2024-09-16T16:57:06 IST" name="ncb_drpdwn" finished-at="2024-09-16T16:57:06 IST" depends-on-methods="ThirdParty.TC_11.claim_No" duration-ms="1" status="PASS">
          <reporter-output>
          </reporter-output>
        </test-method> <!-- ncb_drpdwn -->
        <test-method signature="fullname(java.lang.String)[pri:17, instance:ThirdParty.TC_11@7d8704ef]" started-at="2024-09-16T16:57:06 IST" name="fullname" data-provider="fullname" finished-at="2024-09-16T16:57:06 IST" depends-on-methods="ThirdParty.TC_11.ncb_drpdwn" duration-ms="288" status="PASS">
          <params>
            <param index="0">
              <value>
                <![CDATA[Vishal Bilandi]]>
              </value>
            </param>
          </params>
          <reporter-output>
          </reporter-output>
        </test-method> <!-- fullname -->
        <test-method signature="mobnum(java.lang.String)[pri:18, instance:ThirdParty.TC_11@7d8704ef]" started-at="2024-09-16T16:57:06 IST" name="mobnum" data-provider="Mobilenum" finished-at="2024-09-16T16:57:06 IST" depends-on-methods="ThirdParty.TC_11.fullname" duration-ms="156" status="PASS">
          <params>
            <param index="0">
              <value>
                <![CDATA[9311506762]]>
              </value>
            </param>
          </params>
          <reporter-output>
          </reporter-output>
        </test-method> <!-- mobnum -->
        <test-method signature="term_con()[pri:19, instance:ThirdParty.TC_11@7d8704ef]" started-at="2024-09-16T16:57:06 IST" name="term_con" finished-at="2024-09-16T16:57:06 IST" depends-on-methods="ThirdParty.TC_11.mobnum" duration-ms="198" status="PASS">
          <reporter-output>
          </reporter-output>
        </test-method> <!-- term_con -->
        <test-method signature="get_quote()[pri:20, instance:ThirdParty.TC_11@7d8704ef]" started-at="2024-09-16T16:57:06 IST" name="get_quote" finished-at="2024-09-16T16:57:07 IST" depends-on-methods="ThirdParty.TC_11.term_con" duration-ms="465" status="PASS">
          <reporter-output>
          </reporter-output>
        </test-method> <!-- get_quote -->
        <test-method signature="pa_cover()[pri:21, instance:ThirdParty.TC_11@7d8704ef]" started-at="2024-09-16T16:57:07 IST" name="pa_cover" finished-at="2024-09-16T16:57:37 IST" depends-on-methods="ThirdParty.TC_11.get_quote" duration-ms="30483" status="PASS">
          <reporter-output>
          </reporter-output>
        </test-method> <!-- pa_cover -->
        <test-method signature="cng(java.lang.String)[pri:22, instance:ThirdParty.TC_11@7d8704ef]" started-at="2024-09-16T16:57:37 IST" name="cng" data-provider="cng_value" finished-at="2024-09-16T16:57:50 IST" depends-on-methods="ThirdParty.TC_11.pa_cover" duration-ms="12966" status="PASS">
          <params>
            <param index="0">
              <value>
                <![CDATA[20000]]>
              </value>
            </param>
          </params>
          <reporter-output>
          </reporter-output>
        </test-method> <!-- cng -->
        <test-method signature="premium()[pri:23, instance:ThirdParty.TC_11@7d8704ef]" started-at="2024-09-16T16:57:50 IST" name="premium" finished-at="2024-09-16T16:57:53 IST" depends-on-methods="ThirdParty.TC_11.cng" duration-ms="2702" status="PASS">
          <reporter-output>
          </reporter-output>
        </test-method> <!-- premium -->
        <test-method signature="kyc_button()[pri:24, instance:ThirdParty.TC_11@7d8704ef]" started-at="2024-09-16T16:57:53 IST" name="kyc_button" finished-at="2024-09-16T16:57:54 IST" depends-on-methods="ThirdParty.TC_11.premium" duration-ms="1055" status="PASS">
          <reporter-output>
          </reporter-output>
        </test-method> <!-- kyc_button -->
        <test-method signature="ckyc_number(java.lang.String)[pri:25, instance:ThirdParty.TC_11@7d8704ef]" started-at="2024-09-16T16:57:54 IST" name="ckyc_number" data-provider="ckyc_number" finished-at="2024-09-16T16:57:54 IST" depends-on-methods="ThirdParty.TC_11.kyc_button" duration-ms="250" status="PASS">
          <params>
            <param index="0">
              <value>
                <![CDATA[10085792349036]]>
              </value>
            </param>
          </params>
          <reporter-output>
          </reporter-output>
        </test-method> <!-- ckyc_number -->
        <test-method signature="dob_calender()[pri:27, instance:ThirdParty.TC_11@7d8704ef]" started-at="2024-09-16T16:57:54 IST" name="dob_calender" finished-at="2024-09-16T16:57:55 IST" depends-on-methods="ThirdParty.TC_11.ckyc_number" duration-ms="719" status="PASS">
          <reporter-output>
          </reporter-output>
        </test-method> <!-- dob_calender -->
        <test-method signature="email(java.lang.String)[pri:28, instance:ThirdParty.TC_11@7d8704ef]" started-at="2024-09-16T16:57:55 IST" name="email" data-provider="enter_email" finished-at="2024-09-16T16:57:55 IST" depends-on-methods="ThirdParty.TC_11.dob_calender" duration-ms="211" status="PASS">
          <params>
            <param index="0">
              <value>
                <![CDATA[swapqa@simsontech.onmicrosoft.com]]>
              </value>
            </param>
          </params>
          <reporter-output>
          </reporter-output>
        </test-method> <!-- email -->
        <test-method signature="Verify_kyc()[pri:29, instance:ThirdParty.TC_11@7d8704ef]" started-at="2024-09-16T16:57:55 IST" name="Verify_kyc" finished-at="2024-09-16T16:57:55 IST" depends-on-methods="ThirdParty.TC_11.email" duration-ms="170" status="PASS">
          <reporter-output>
          </reporter-output>
        </test-method> <!-- Verify_kyc -->
        <test-method signature="Marital()[pri:30, instance:ThirdParty.TC_11@7d8704ef]" started-at="2024-09-16T16:57:55 IST" name="Marital" finished-at="2024-09-16T16:57:58 IST" depends-on-methods="ThirdParty.TC_11.Verify_kyc" duration-ms="2937" status="PASS">
          <reporter-output>
          </reporter-output>
        </test-method> <!-- Marital -->
        <test-method signature="pan(java.lang.String)[pri:31, instance:ThirdParty.TC_11@7d8704ef]" started-at="2024-09-16T16:57:58 IST" name="pan" data-provider="pancard" finished-at="2024-09-16T16:57:59 IST" depends-on-methods="ThirdParty.TC_11.Marital" duration-ms="605" status="PASS">
          <params>
            <param index="0">
              <value>
                <![CDATA[EVDPB3193P]]>
              </value>
            </param>
          </params>
          <reporter-output>
          </reporter-output>
        </test-method> <!-- pan -->
        <test-method signature="email_reset(java.lang.String)[pri:32, instance:ThirdParty.TC_11@7d8704ef]" started-at="2024-09-16T16:57:59 IST" name="email_reset" data-provider="email_reset" finished-at="2024-09-16T16:57:59 IST" depends-on-methods="ThirdParty.TC_11.pan" duration-ms="490" status="PASS">
          <params>
            <param index="0">
              <value>
                <![CDATA[swapqa@simsontech.onmicrosoft.com]]>
              </value>
            </param>
          </params>
          <reporter-output>
          </reporter-output>
        </test-method> <!-- email_reset -->
        <test-method signature="insureddetails_btn()[pri:33, instance:ThirdParty.TC_11@7d8704ef]" started-at="2024-09-16T16:57:59 IST" name="insureddetails_btn" finished-at="2024-09-16T16:57:59 IST" depends-on-methods="ThirdParty.TC_11.email_reset" duration-ms="122" status="PASS">
          <reporter-output>
          </reporter-output>
        </test-method> <!-- insureddetails_btn -->
        <test-method signature="address(java.lang.String)[pri:34, instance:ThirdParty.TC_11@7d8704ef]" started-at="2024-09-16T16:57:59 IST" name="address" data-provider="pincode" finished-at="2024-09-16T16:58:02 IST" depends-on-methods="ThirdParty.TC_11.insureddetails_btn" duration-ms="2184" status="PASS">
          <params>
            <param index="0">
              <value>
                <![CDATA[400001]]>
              </value>
            </param>
          </params>
          <reporter-output>
          </reporter-output>
        </test-method> <!-- address -->
        <test-method signature="current_address()[pri:35, instance:ThirdParty.TC_11@7d8704ef]" started-at="2024-09-16T16:58:02 IST" name="current_address" finished-at="2024-09-16T16:58:02 IST" depends-on-methods="ThirdParty.TC_11.address" duration-ms="95" status="PASS">
          <reporter-output>
          </reporter-output>
        </test-method> <!-- current_address -->
        <test-method signature="address_btn()[pri:36, instance:ThirdParty.TC_11@7d8704ef]" started-at="2024-09-16T16:58:02 IST" name="address_btn" finished-at="2024-09-16T16:58:02 IST" depends-on-methods="ThirdParty.TC_11.current_address" duration-ms="111" status="PASS">
          <reporter-output>
          </reporter-output>
        </test-method> <!-- address_btn -->
        <test-method signature="nomin_name(java.lang.String)[pri:37, instance:ThirdParty.TC_11@7d8704ef]" started-at="2024-09-16T16:58:02 IST" name="nomin_name" data-provider="nominee" finished-at="2024-09-16T16:58:07 IST" depends-on-methods="ThirdParty.TC_11.address_btn" duration-ms="4750" status="PASS">
          <params>
            <param index="0">
              <value>
                <![CDATA[Test abc]]>
              </value>
            </param>
          </params>
          <reporter-output>
          </reporter-output>
        </test-method> <!-- nomin_name -->
        <test-method signature="nominee_marital()[pri:38, instance:ThirdParty.TC_11@7d8704ef]" started-at="2024-09-16T16:58:07 IST" name="nominee_marital" finished-at="2024-09-16T16:58:09 IST" depends-on-methods="ThirdParty.TC_11.nomin_name" duration-ms="2084" status="FAIL">
          <exception class="org.openqa.selenium.NoSuchElementException">
            <message>
              <![CDATA[Cannot locate option with text: Sibling
For documentation on this error, please visit: https://www.selenium.dev/documentation/webdriver/troubleshooting/errors#no-such-element-exception
Build info: version: '4.21.0', revision: '79ed462ef4'
System info: os.name: 'Windows 10', os.arch: 'amd64', os.version: '10.0', java.version: '21.0.4'
Driver info: driver.version: unknown]]>
            </message>
            <full-stacktrace>
              <![CDATA[org.openqa.selenium.NoSuchElementException: Cannot locate option with text: Sibling
For documentation on this error, please visit: https://www.selenium.dev/documentation/webdriver/troubleshooting/errors#no-such-element-exception
Build info: version: '4.21.0', revision: '79ed462ef4'
System info: os.name: 'Windows 10', os.arch: 'amd64', os.version: '10.0', java.version: '21.0.4'
Driver info: driver.version: unknown
at org.openqa.selenium.support.ui.Select.selectByVisibleText(Select.java:153)
at ThirdParty.TC_11.nominee_marital(TC_11.java:641)
at java.base/jdk.internal.reflect.DirectMethodHandleAccessor.invoke(DirectMethodHandleAccessor.java:103)
at java.base/java.lang.reflect.Method.invoke(Method.java:580)
at org.testng.internal.invokers.MethodInvocationHelper.invokeMethod(MethodInvocationHelper.java:141)
at org.testng.internal.invokers.TestInvoker.invokeMethod(TestInvoker.java:686)
at org.testng.internal.invokers.TestInvoker.invokeTestMethod(TestInvoker.java:230)
at org.testng.internal.invokers.MethodRunner.runInSequence(MethodRunner.java:63)
at org.testng.internal.invokers.TestInvoker$MethodInvocationAgent.invoke(TestInvoker.java:992)
at org.testng.internal.invokers.TestInvoker.invokeTestMethods(TestInvoker.java:203)
at org.testng.internal.invokers.TestMethodWorker.invokeTestMethods(TestMethodWorker.java:154)
at org.testng.internal.invokers.TestMethodWorker.run(TestMethodWorker.java:134)
at java.base/java.util.concurrent.Executors$RunnableAdapter.call(Executors.java:572)
at java.base/java.util.concurrent.FutureTask.run(FutureTask.java:317)
at org.testng.internal.thread.graph.TestNGFutureTask.run(TestNGFutureTask.java:22)
at java.base/java.util.concurrent.ThreadPoolExecutor.runWorker(ThreadPoolExecutor.java:1144)
at java.base/java.util.concurrent.ThreadPoolExecutor$Worker.run(ThreadPoolExecutor.java:642)
at java.base/java.lang.Thread.run(Thread.java:1583)
]]>
            </full-stacktrace>
          </exception> <!-- org.openqa.selenium.NoSuchElementException -->
          <reporter-output>
          </reporter-output>
        </test-method> <!-- nominee_marital -->
        <test-method signature="nominee_dob()[pri:39, instance:ThirdParty.TC_11@7d8704ef]" started-at="2024-09-16T16:58:09 IST" name="nominee_dob" finished-at="2024-09-16T16:58:09 IST" depends-on-methods="ThirdParty.TC_11.nominee_marital" duration-ms="0" status="SKIP">
          <exception class="java.lang.Throwable">
            <message>
              <![CDATA[Method ThirdParty.TC_11.nominee_dob() on instance ThirdParty.TC_11@7d8704ef depends on not successfully finished methods 
[ThirdParty.TC_11.nominee_marital() on instance ThirdParty.TC_11@7d8704ef]]]>
            </message>
            <full-stacktrace>
              <![CDATA[java.lang.Throwable: Method ThirdParty.TC_11.nominee_dob() on instance ThirdParty.TC_11@7d8704ef depends on not successfully finished methods 
[ThirdParty.TC_11.nominee_marital() on instance ThirdParty.TC_11@7d8704ef]
at org.testng.internal.invokers.TestInvoker.invokeTestMethods(TestInvoker.java:159)
at org.testng.internal.invokers.TestMethodWorker.invokeTestMethods(TestMethodWorker.java:154)
at org.testng.internal.invokers.TestMethodWorker.run(TestMethodWorker.java:134)
at java.base/java.util.concurrent.Executors$RunnableAdapter.call(Executors.java:572)
at java.base/java.util.concurrent.FutureTask.run(FutureTask.java:317)
at org.testng.internal.thread.graph.TestNGFutureTask.run(TestNGFutureTask.java:22)
at java.base/java.util.concurrent.ThreadPoolExecutor.runWorker(ThreadPoolExecutor.java:1144)
at java.base/java.util.concurrent.ThreadPoolExecutor$Worker.run(ThreadPoolExecutor.java:642)
at java.base/java.lang.Thread.run(Thread.java:1583)
]]>
            </full-stacktrace>
          </exception> <!-- java.lang.Throwable -->
          <reporter-output>
          </reporter-output>
        </test-method> <!-- nominee_dob -->
        <test-method signature="nominee_btn()[pri:40, instance:ThirdParty.TC_11@7d8704ef]" started-at="2024-09-16T16:58:09 IST" name="nominee_btn" finished-at="2024-09-16T16:58:09 IST" depends-on-methods="ThirdParty.TC_11.nominee_dob" duration-ms="0" status="SKIP">
          <exception class="java.lang.Throwable">
            <message>
              <![CDATA[Method ThirdParty.TC_11.nominee_btn() on instance ThirdParty.TC_11@7d8704ef depends on not successfully finished methods 
[ThirdParty.TC_11.nominee_dob() on instance ThirdParty.TC_11@7d8704ef]]]>
            </message>
            <full-stacktrace>
              <![CDATA[java.lang.Throwable: Method ThirdParty.TC_11.nominee_btn() on instance ThirdParty.TC_11@7d8704ef depends on not successfully finished methods 
[ThirdParty.TC_11.nominee_dob() on instance ThirdParty.TC_11@7d8704ef]
at org.testng.internal.invokers.TestInvoker.invokeTestMethods(TestInvoker.java:159)
at org.testng.internal.invokers.TestMethodWorker.invokeTestMethods(TestMethodWorker.java:154)
at org.testng.internal.invokers.TestMethodWorker.run(TestMethodWorker.java:134)
at java.base/java.util.concurrent.Executors$RunnableAdapter.call(Executors.java:572)
at java.base/java.util.concurrent.FutureTask.run(FutureTask.java:317)
at org.testng.internal.thread.graph.TestNGFutureTask.run(TestNGFutureTask.java:22)
at java.base/java.util.concurrent.ThreadPoolExecutor.runWorker(ThreadPoolExecutor.java:1144)
at java.base/java.util.concurrent.ThreadPoolExecutor$Worker.run(ThreadPoolExecutor.java:642)
at java.base/java.lang.Thread.run(Thread.java:1583)
]]>
            </full-stacktrace>
          </exception> <!-- java.lang.Throwable -->
          <reporter-output>
          </reporter-output>
        </test-method> <!-- nominee_btn -->
        <test-method signature="engine(java.lang.String)[pri:41, instance:ThirdParty.TC_11@7d8704ef]" started-at="2024-09-16T16:58:09 IST" name="engine" finished-at="2024-09-16T16:58:09 IST" depends-on-methods="ThirdParty.TC_11.nominee_btn" duration-ms="0" status="SKIP">
          <exception class="java.lang.Throwable">
            <message>
              <![CDATA[Method ThirdParty.TC_11.engine() on instance ThirdParty.TC_11@7d8704ef depends on not successfully finished methods 
[ThirdParty.TC_11.nominee_btn() on instance ThirdParty.TC_11@7d8704ef]]]>
            </message>
            <full-stacktrace>
              <![CDATA[java.lang.Throwable: Method ThirdParty.TC_11.engine() on instance ThirdParty.TC_11@7d8704ef depends on not successfully finished methods 
[ThirdParty.TC_11.nominee_btn() on instance ThirdParty.TC_11@7d8704ef]
at org.testng.internal.invokers.TestInvoker.invokeTestMethods(TestInvoker.java:159)
at org.testng.internal.invokers.TestMethodWorker.invokeTestMethods(TestMethodWorker.java:154)
at org.testng.internal.invokers.TestMethodWorker.run(TestMethodWorker.java:134)
at java.base/java.util.concurrent.Executors$RunnableAdapter.call(Executors.java:572)
at java.base/java.util.concurrent.FutureTask.run(FutureTask.java:317)
at org.testng.internal.thread.graph.TestNGFutureTask.run(TestNGFutureTask.java:22)
at java.base/java.util.concurrent.ThreadPoolExecutor.runWorker(ThreadPoolExecutor.java:1144)
at java.base/java.util.concurrent.ThreadPoolExecutor$Worker.run(ThreadPoolExecutor.java:642)
at java.base/java.lang.Thread.run(Thread.java:1583)
]]>
            </full-stacktrace>
          </exception> <!-- java.lang.Throwable -->
          <reporter-output>
          </reporter-output>
        </test-method> <!-- engine -->
        <test-method signature="chasis(java.lang.String)[pri:42, instance:ThirdParty.TC_11@7d8704ef]" started-at="2024-09-16T16:58:09 IST" name="chasis" finished-at="2024-09-16T16:58:09 IST" depends-on-methods="ThirdParty.TC_11.engine" duration-ms="0" status="SKIP">
          <exception class="java.lang.Throwable">
            <message>
              <![CDATA[Method ThirdParty.TC_11.chasis() on instance ThirdParty.TC_11@7d8704ef depends on not successfully finished methods 
[ThirdParty.TC_11.engine() on instance ThirdParty.TC_11@7d8704ef]]]>
            </message>
            <full-stacktrace>
              <![CDATA[java.lang.Throwable: Method ThirdParty.TC_11.chasis() on instance ThirdParty.TC_11@7d8704ef depends on not successfully finished methods 
[ThirdParty.TC_11.engine() on instance ThirdParty.TC_11@7d8704ef]
at org.testng.internal.invokers.TestInvoker.invokeTestMethods(TestInvoker.java:159)
at org.testng.internal.invokers.TestMethodWorker.invokeTestMethods(TestMethodWorker.java:154)
at org.testng.internal.invokers.TestMethodWorker.run(TestMethodWorker.java:134)
at java.base/java.util.concurrent.Executors$RunnableAdapter.call(Executors.java:572)
at java.base/java.util.concurrent.FutureTask.run(FutureTask.java:317)
at org.testng.internal.thread.graph.TestNGFutureTask.run(TestNGFutureTask.java:22)
at java.base/java.util.concurrent.ThreadPoolExecutor.runWorker(ThreadPoolExecutor.java:1144)
at java.base/java.util.concurrent.ThreadPoolExecutor$Worker.run(ThreadPoolExecutor.java:642)
at java.base/java.lang.Thread.run(Thread.java:1583)
]]>
            </full-stacktrace>
          </exception> <!-- java.lang.Throwable -->
          <reporter-output>
          </reporter-output>
        </test-method> <!-- chasis -->
        <test-method signature="loan_yes()[pri:43, instance:ThirdParty.TC_11@7d8704ef]" started-at="2024-09-16T16:58:09 IST" name="loan_yes" finished-at="2024-09-16T16:58:09 IST" depends-on-methods="ThirdParty.TC_11.chasis" duration-ms="0" status="SKIP">
          <exception class="java.lang.Throwable">
            <message>
              <![CDATA[Method ThirdParty.TC_11.loan_yes() on instance ThirdParty.TC_11@7d8704ef depends on not successfully finished methods 
[ThirdParty.TC_11.chasis() on instance ThirdParty.TC_11@7d8704ef]]]>
            </message>
            <full-stacktrace>
              <![CDATA[java.lang.Throwable: Method ThirdParty.TC_11.loan_yes() on instance ThirdParty.TC_11@7d8704ef depends on not successfully finished methods 
[ThirdParty.TC_11.chasis() on instance ThirdParty.TC_11@7d8704ef]
at org.testng.internal.invokers.TestInvoker.invokeTestMethods(TestInvoker.java:159)
at org.testng.internal.invokers.TestMethodWorker.invokeTestMethods(TestMethodWorker.java:154)
at org.testng.internal.invokers.TestMethodWorker.run(TestMethodWorker.java:134)
at java.base/java.util.concurrent.Executors$RunnableAdapter.call(Executors.java:572)
at java.base/java.util.concurrent.FutureTask.run(FutureTask.java:317)
at org.testng.internal.thread.graph.TestNGFutureTask.run(TestNGFutureTask.java:22)
at java.base/java.util.concurrent.ThreadPoolExecutor.runWorker(ThreadPoolExecutor.java:1144)
at java.base/java.util.concurrent.ThreadPoolExecutor$Worker.run(ThreadPoolExecutor.java:642)
at java.base/java.lang.Thread.run(Thread.java:1583)
]]>
            </full-stacktrace>
          </exception> <!-- java.lang.Throwable -->
          <reporter-output>
          </reporter-output>
        </test-method> <!-- loan_yes -->
        <test-method signature="bnk_name()[pri:44, instance:ThirdParty.TC_11@7d8704ef]" started-at="2024-09-16T16:58:09 IST" name="bnk_name" finished-at="2024-09-16T16:58:09 IST" depends-on-methods="ThirdParty.TC_11.loan_yes" duration-ms="0" status="SKIP">
          <exception class="java.lang.Throwable">
            <message>
              <![CDATA[Method ThirdParty.TC_11.bnk_name() on instance ThirdParty.TC_11@7d8704ef depends on not successfully finished methods 
[ThirdParty.TC_11.loan_yes() on instance ThirdParty.TC_11@7d8704ef]]]>
            </message>
            <full-stacktrace>
              <![CDATA[java.lang.Throwable: Method ThirdParty.TC_11.bnk_name() on instance ThirdParty.TC_11@7d8704ef depends on not successfully finished methods 
[ThirdParty.TC_11.loan_yes() on instance ThirdParty.TC_11@7d8704ef]
at org.testng.internal.invokers.TestInvoker.invokeTestMethods(TestInvoker.java:159)
at org.testng.internal.invokers.TestMethodWorker.invokeTestMethods(TestMethodWorker.java:154)
at org.testng.internal.invokers.TestMethodWorker.run(TestMethodWorker.java:134)
at java.base/java.util.concurrent.Executors$RunnableAdapter.call(Executors.java:572)
at java.base/java.util.concurrent.FutureTask.run(FutureTask.java:317)
at org.testng.internal.thread.graph.TestNGFutureTask.run(TestNGFutureTask.java:22)
at java.base/java.util.concurrent.ThreadPoolExecutor.runWorker(ThreadPoolExecutor.java:1144)
at java.base/java.util.concurrent.ThreadPoolExecutor$Worker.run(ThreadPoolExecutor.java:642)
at java.base/java.lang.Thread.run(Thread.java:1583)
]]>
            </full-stacktrace>
          </exception> <!-- java.lang.Throwable -->
          <reporter-output>
          </reporter-output>
        </test-method> <!-- bnk_name -->
        <test-method signature="bnk_city()[pri:45, instance:ThirdParty.TC_11@7d8704ef]" started-at="2024-09-16T16:58:09 IST" name="bnk_city" finished-at="2024-09-16T16:58:09 IST" depends-on-methods="ThirdParty.TC_11.bnk_name" duration-ms="0" status="SKIP">
          <exception class="java.lang.Throwable">
            <message>
              <![CDATA[Method ThirdParty.TC_11.bnk_city() on instance ThirdParty.TC_11@7d8704ef depends on not successfully finished methods 
[ThirdParty.TC_11.bnk_name() on instance ThirdParty.TC_11@7d8704ef]]]>
            </message>
            <full-stacktrace>
              <![CDATA[java.lang.Throwable: Method ThirdParty.TC_11.bnk_city() on instance ThirdParty.TC_11@7d8704ef depends on not successfully finished methods 
[ThirdParty.TC_11.bnk_name() on instance ThirdParty.TC_11@7d8704ef]
at org.testng.internal.invokers.TestInvoker.invokeTestMethods(TestInvoker.java:159)
[...]
          </reporter-output>
        </test-method> <!-- bnk_city -->
        <test-method signature="vehicle_button()[pri:50, instance:ThirdParty.TC_14@3c3d9b6b]" started-at="2024-09-16T17:02:00 IST" name="vehicle_button" finished-at="2024-09-16T17:02:00 IST" depends-on-methods="ThirdParty.TC_14.bnk_city" duration-ms="1" status="SKIP">
          <exception class="java.lang.Throwable">
            <message>
              <![CDATA[Method ThirdParty.TC_14.vehicle_button() on instance ThirdParty.TC_14@3c3d9b6b depends on not successfully finished methods 
[ThirdParty.TC_14.bnk_city() on instance ThirdParty.TC_14@3c3d9b6b]]]>
            </message>
            <full-stacktrace>
              <![CDATA[java.lang.Throwable: Method ThirdParty.TC_14.vehicle_button() on instance ThirdParty.TC_14@3c3d9b6b depends on not successfully finished methods 
[ThirdParty.TC_14.bnk_city() on instance ThirdParty.TC_14@3c3d9b6b]
at org.testng.internal.invokers.TestInvoker.invokeTestMethods(TestInvoker.java:159)
at org.testng.internal.invokers.TestMethodWorker.invokeTestMethods(TestMethodWorker.java:154)
at org.testng.internal.invokers.TestMethodWorker.run(TestMethodWorker.java:134)
at java.base/java.util.concurrent.Executors$RunnableAdapter.call(Executors.java:572)
at java.base/java.util.concurrent.FutureTask.run(FutureTask.java:317)
at org.testng.internal.thread.graph.TestNGFutureTask.run(TestNGFutureTask.java:22)
at java.base/java.util.concurrent.ThreadPoolExecutor.runWorker(ThreadPoolExecutor.java:1144)
at java.base/java.util.concurrent.ThreadPoolExecutor$Worker.run(ThreadPoolExecutor.java:642)
at java.base/java.lang.Thread.run(Thread.java:1583)
]]>
            </full-stacktrace>
          </exception> <!-- java.lang.Throwable -->
          <reporter-output>
          </reporter-output>
        </test-method> <!-- vehicle_button -->
        <test-method signature="previous_policy()[pri:51, instance:ThirdParty.TC_14@3c3d9b6b]" started-at="2024-09-16T17:02:00 IST" name="previous_policy" finished-at="2024-09-16T17:02:00 IST" depends-on-methods="ThirdParty.TC_14.vehicle_button" duration-ms="0" status="SKIP">
          <exception class="java.lang.Throwable">
            <message>
              <![CDATA[Method ThirdParty.TC_14.previous_policy() on instance ThirdParty.TC_14@3c3d9b6b depends on not successfully finished methods 
[ThirdParty.TC_14.vehicle_button() on instance ThirdParty.TC_14@3c3d9b6b]]]>
            </message>
            <full-stacktrace>
              <![CDATA[java.lang.Throwable: Method ThirdParty.TC_14.previous_policy() on instance ThirdParty.TC_14@3c3d9b6b depends on not successfully finished methods 
[ThirdParty.TC_14.vehicle_button() on instance ThirdParty.TC_14@3c3d9b6b]
at org.testng.internal.invokers.TestInvoker.invokeTestMethods(TestInvoker.java:159)
at org.testng.internal.invokers.TestMethodWorker.invokeTestMethods(TestMethodWorker.java:154)
at org.testng.internal.invokers.TestMethodWorker.run(TestMethodWorker.java:134)
at java.base/java.util.concurrent.Executors$RunnableAdapter.call(Executors.java:572)
at java.base/java.util.concurrent.FutureTask.run(FutureTask.java:317)
at org.testng.internal.thread.graph.TestNGFutureTask.run(TestNGFutureTask.java:22)
at java.base/java.util.concurrent.ThreadPoolExecutor.runWorker(ThreadPoolExecutor.java:1144)
at java.base/java.util.concurrent.ThreadPoolExecutor$Worker.run(ThreadPoolExecutor.java:642)
at java.base/java.lang.Thread.run(Thread.java:1583)
]]>
            </full-stacktrace>
          </exception> <!-- java.lang.Throwable -->
          <reporter-output>
          </reporter-output>
        </test-method> <!-- previous_policy -->
        <test-method signature="terms()[pri:52, instance:ThirdParty.TC_14@3c3d9b6b]" started-at="2024-09-16T17:02:00 IST" name="terms" finished-at="2024-09-16T17:02:00 IST" depends-on-methods="ThirdParty.TC_14.previous_policy" duration-ms="0" status="SKIP">
          <exception class="java.lang.Throwable">
            <message>
              <![CDATA[Method ThirdParty.TC_14.terms() on instance ThirdParty.TC_14@3c3d9b6b depends on not successfully finished methods 
[ThirdParty.TC_14.previous_policy() on instance ThirdParty.TC_14@3c3d9b6b]]]>
            </message>
            <full-stacktrace>
              <![CDATA[java.lang.Throwable: Method ThirdParty.TC_14.terms() on instance ThirdParty.TC_14@3c3d9b6b depends on not successfully finished methods 
[ThirdParty.TC_14.previous_policy() on instance ThirdParty.TC_14@3c3d9b6b]
at org.testng.internal.invokers.TestInvoker.invokeTestMethods(TestInvoker.java:159)
at org.testng.internal.invokers.TestMethodWorker.invokeTestMethods(TestMethodWorker.java:154)
at org.testng.internal.invokers.TestMethodWorker.run(TestMethodWorker.java:134)
at java.base/java.util.concurrent.Executors$RunnableAdapter.call(Executors.java:572)
at java.base/java.util.concurrent.FutureTask.run(FutureTask.java:317)
at org.testng.internal.thread.graph.TestNGFutureTask.run(TestNGFutureTask.java:22)
at java.base/java.util.concurrent.ThreadPoolExecutor.runWorker(ThreadPoolExecutor.java:1144)
at java.base/java.util.concurrent.ThreadPoolExecutor$Worker.run(ThreadPoolExecutor.java:642)
at java.base/java.lang.Thread.run(Thread.java:1583)
]]>
            </full-stacktrace>
          </exception> <!-- java.lang.Throwable -->
          <reporter-output>
          </reporter-output>
        </test-method> <!-- terms -->
        <test-method signature="existing_cust()[pri:53, instance:ThirdParty.TC_14@3c3d9b6b]" started-at="2024-09-16T17:02:00 IST" name="existing_cust" finished-at="2024-09-16T17:02:00 IST" depends-on-methods="ThirdParty.TC_14.terms" duration-ms="0" status="SKIP">
          <exception class="java.lang.Throwable">
            <message>
              <![CDATA[Method ThirdParty.TC_14.existing_cust() on instance ThirdParty.TC_14@3c3d9b6b depends on not successfully finished methods 
[ThirdParty.TC_14.terms() on instance ThirdParty.TC_14@3c3d9b6b]]]>
            </message>
            <full-stacktrace>
              <![CDATA[java.lang.Throwable: Method ThirdParty.TC_14.existing_cust() on instance ThirdParty.TC_14@3c3d9b6b depends on not successfully finished methods 
[ThirdParty.TC_14.terms() on instance ThirdParty.TC_14@3c3d9b6b]
at org.testng.internal.invokers.TestInvoker.invokeTestMethods(TestInvoker.java:159)
at org.testng.internal.invokers.TestMethodWorker.invokeTestMethods(TestMethodWorker.java:154)
at org.testng.internal.invokers.TestMethodWorker.run(TestMethodWorker.java:134)
at java.base/java.util.concurrent.Executors$RunnableAdapter.call(Executors.java:572)
at java.base/java.util.concurrent.FutureTask.run(FutureTask.java:317)
at org.testng.internal.thread.graph.TestNGFutureTask.run(TestNGFutureTask.java:22)
at java.base/java.util.concurrent.ThreadPoolExecutor.runWorker(ThreadPoolExecutor.java:1144)
at java.base/java.util.concurrent.ThreadPoolExecutor$Worker.run(ThreadPoolExecutor.java:642)
at java.base/java.lang.Thread.run(Thread.java:1583)
]]>
            </full-stacktrace>
          </exception> <!-- java.lang.Throwable -->
          <reporter-output>
          </reporter-output>
        </test-method> <!-- existing_cust -->
        <test-method signature="Make_payment()[pri:54, instance:ThirdParty.TC_14@3c3d9b6b]" started-at="2024-09-16T17:02:00 IST" name="Make_payment" finished-at="2024-09-16T17:02:00 IST" depends-on-methods="ThirdParty.TC_14.existing_cust" duration-ms="0" status="SKIP">
          <exception class="java.lang.Throwable">
            <message>
              <![CDATA[Method ThirdParty.TC_14.Make_payment() on instance ThirdParty.TC_14@3c3d9b6b depends on not successfully finished methods 
[ThirdParty.TC_14.existing_cust() on instance ThirdParty.TC_14@3c3d9b6b]]]>
            </message>
            <full-stacktrace>
              <![CDATA[java.lang.Throwable: Method ThirdParty.TC_14.Make_payment() on instance ThirdParty.TC_14@3c3d9b6b depends on not successfully finished methods 
[ThirdParty.TC_14.existing_cust() on instance ThirdParty.TC_14@3c3d9b6b]
at org.testng.internal.invokers.TestInvoker.invokeTestMethods(TestInvoker.java:159)
at org.testng.internal.invokers.TestMethodWorker.invokeTestMethods(TestMethodWorker.java:154)
at org.testng.internal.invokers.TestMethodWorker.run(TestMethodWorker.java:134)
at java.base/java.util.concurrent.Executors$RunnableAdapter.call(Executors.java:572)
at java.base/java.util.concurrent.FutureTask.run(FutureTask.java:317)
at org.testng.internal.thread.graph.TestNGFutureTask.run(TestNGFutureTask.java:22)
at java.base/java.util.concurrent.ThreadPoolExecutor.runWorker(ThreadPoolExecutor.java:1144)
at java.base/java.util.concurrent.ThreadPoolExecutor$Worker.run(ThreadPoolExecutor.java:642)
at java.base/java.lang.Thread.run(Thread.java:1583)
]]>
            </full-stacktrace>
          </exception> <!-- java.lang.Throwable -->
          <reporter-output>
          </reporter-output>
        </test-method> <!-- Make_payment -->
        <test-method signature="Make_payment_rel()[pri:55, instance:ThirdParty.TC_14@3c3d9b6b]" started-at="2024-09-16T17:02:00 IST" name="Make_payment_rel" finished-at="2024-09-16T17:02:00 IST" depends-on-methods="ThirdParty.TC_14.Make_payment" duration-ms="0" status="SKIP">
          <exception class="java.lang.Throwable">
            <message>
              <![CDATA[Method ThirdParty.TC_14.Make_payment_rel() on instance ThirdParty.TC_14@3c3d9b6b depends on not successfully finished methods 
[ThirdParty.TC_14.Make_payment() on instance ThirdParty.TC_14@3c3d9b6b]]]>
            </message>
            <full-stacktrace>
              <![CDATA[java.lang.Throwable: Method ThirdParty.TC_14.Make_payment_rel() on instance ThirdParty.TC_14@3c3d9b6b depends on not successfully finished methods 
[ThirdParty.TC_14.Make_payment() on instance ThirdParty.TC_14@3c3d9b6b]
at org.testng.internal.invokers.TestInvoker.invokeTestMethods(TestInvoker.java:159)
at org.testng.internal.invokers.TestMethodWorker.invokeTestMethods(TestMethodWorker.java:154)
at org.testng.internal.invokers.TestMethodWorker.run(TestMethodWorker.java:134)
at java.base/java.util.concurrent.Executors$RunnableAdapter.call(Executors.java:572)
at java.base/java.util.concurrent.FutureTask.run(FutureTask.java:317)
at org.testng.internal.thread.graph.TestNGFutureTask.run(TestNGFutureTask.java:22)
at java.base/java.util.concurrent.ThreadPoolExecutor.runWorker(ThreadPoolExecutor.java:1144)
at java.base/java.util.concurrent.ThreadPoolExecutor$Worker.run(ThreadPoolExecutor.java:642)
at java.base/java.lang.Thread.run(Thread.java:1583)
]]>
            </full-stacktrace>
          </exception> <!-- java.lang.Throwable -->
          <reporter-output>
          </reporter-output>
        </test-method> <!-- Make_payment_rel -->
        <test-method signature="net_banking()[pri:56, instance:ThirdParty.TC_14@3c3d9b6b]" started-at="2024-09-16T17:02:00 IST" name="net_banking" finished-at="2024-09-16T17:02:00 IST" depends-on-methods="ThirdParty.TC_14.Make_payment_rel" duration-ms="0" status="SKIP">
          <exception class="java.lang.Throwable">
            <message>
              <![CDATA[Method ThirdParty.TC_14.net_banking() on instance ThirdParty.TC_14@3c3d9b6b depends on not successfully finished methods 
[ThirdParty.TC_14.Make_payment_rel() on instance ThirdParty.TC_14@3c3d9b6b]]]>
            </message>
            <full-stacktrace>
              <![CDATA[java.lang.Throwable: Method ThirdParty.TC_14.net_banking() on instance ThirdParty.TC_14@3c3d9b6b depends on not successfully finished methods 
[ThirdParty.TC_14.Make_payment_rel() on instance ThirdParty.TC_14@3c3d9b6b]
at org.testng.internal.invokers.TestInvoker.invokeTestMethods(TestInvoker.java:159)
at org.testng.internal.invokers.TestMethodWorker.invokeTestMethods(TestMethodWorker.java:154)
at org.testng.internal.invokers.TestMethodWorker.run(TestMethodWorker.java:134)
at java.base/java.util.concurrent.Executors$RunnableAdapter.call(Executors.java:572)
at java.base/java.util.concurrent.FutureTask.run(FutureTask.java:317)
at org.testng.internal.thread.graph.TestNGFutureTask.run(TestNGFutureTask.java:22)
at java.base/java.util.concurrent.ThreadPoolExecutor.runWorker(ThreadPoolExecutor.java:1144)
at java.base/java.util.concurrent.ThreadPoolExecutor$Worker.run(ThreadPoolExecutor.java:642)
at java.base/java.lang.Thread.run(Thread.java:1583)
]]>
            </full-stacktrace>
          </exception> <!-- java.lang.Throwable -->
          <reporter-output>
          </reporter-output>
        </test-method> <!-- net_banking -->
        <test-method signature="select_bank()[pri:57, instance:ThirdParty.TC_14@3c3d9b6b]" started-at="2024-09-16T17:02:00 IST" name="select_bank" finished-at="2024-09-16T17:02:00 IST" depends-on-methods="ThirdParty.TC_14.net_banking" duration-ms="0" status="SKIP">
          <exception class="java.lang.Throwable">
            <message>
              <![CDATA[Method ThirdParty.TC_14.select_bank() on instance ThirdParty.TC_14@3c3d9b6b depends on not successfully finished methods 
[ThirdParty.TC_14.net_banking() on instance ThirdParty.TC_14@3c3d9b6b]]]>
            </message>
            <full-stacktrace>
              <![CDATA[java.lang.Throwable: Method ThirdParty.TC_14.select_bank() on instance ThirdParty.TC_14@3c3d9b6b depends on not successfully finished methods 
[ThirdParty.TC_14.net_banking() on instance ThirdParty.TC_14@3c3d9b6b]
at org.testng.internal.invokers.TestInvoker.invokeTestMethods(TestInvoker.java:159)
at org.testng.internal.invokers.TestMethodWorker.invokeTestMethods(TestMethodWorker.java:154)
at org.testng.internal.invokers.TestMethodWorker.run(TestMethodWorker.java:134)
at java.base/java.util.concurrent.Executors$RunnableAdapter.call(Executors.java:572)
at java.base/java.util.concurrent.FutureTask.run(FutureTask.java:317)
at org.testng.internal.thread.graph.TestNGFutureTask.run(TestNGFutureTask.java:22)
at java.base/java.util.concurrent.ThreadPoolExecutor.runWorker(ThreadPoolExecutor.java:1144)
at java.base/java.util.concurrent.ThreadPoolExecutor$Worker.run(ThreadPoolExecutor.java:642)
at java.base/java.lang.Thread.run(Thread.java:1583)
]]>
            </full-stacktrace>
          </exception> <!-- java.lang.Throwable -->
          <reporter-output>
          </reporter-output>
        </test-method> <!-- select_bank -->
        <test-method signature="Rel_payment()[pri:58, instance:ThirdParty.TC_14@3c3d9b6b]" started-at="2024-09-16T17:02:00 IST" name="Rel_payment" finished-at="2024-09-16T17:02:00 IST" depends-on-methods="ThirdParty.TC_14.select_bank" duration-ms="0" status="SKIP">
          <exception class="java.lang.Throwable">
            <message>
              <![CDATA[Method ThirdParty.TC_14.Rel_payment() on instance ThirdParty.TC_14@3c3d9b6b depends on not successfully finished methods 
[ThirdParty.TC_14.select_bank() on instance ThirdParty.TC_14@3c3d9b6b]]]>
            </message>
            <full-stacktrace>
              <![CDATA[java.lang.Throwable: Method ThirdParty.TC_14.Rel_payment() on instance ThirdParty.TC_14@3c3d9b6b depends on not successfully finished methods 
[ThirdParty.TC_14.select_bank() on instance ThirdParty.TC_14@3c3d9b6b]
at org.testng.internal.invokers.TestInvoker.invokeTestMethods(TestInvoker.java:159)
at org.testng.internal.invokers.TestMethodWorker.invokeTestMethods(TestMethodWorker.java:154)
at org.testng.internal.invokers.TestMethodWorker.run(TestMethodWorker.java:134)
at java.base/java.util.concurrent.Executors$RunnableAdapter.call(Executors.java:572)
at java.base/java.util.concurrent.FutureTask.run(FutureTask.java:317)
at org.testng.internal.thread.graph.TestNGFutureTask.run(TestNGFutureTask.java:22)
at java.base/java.util.concurrent.ThreadPoolExecutor.runWorker(ThreadPoolExecutor.java:1144)
at java.base/java.util.concurrent.ThreadPoolExecutor$Worker.run(ThreadPoolExecutor.java:642)
at java.base/java.lang.Thread.run(Thread.java:1583)
]]>
            </full-stacktrace>
          </exception> <!-- java.lang.Throwable -->
          <reporter-output>
          </reporter-output>
        </test-method> <!-- Rel_payment -->
        <test-method signature="success_payment()[pri:59, instance:ThirdParty.TC_14@3c3d9b6b]" started-at="2024-09-16T17:02:00 IST" name="success_payment" finished-at="2024-09-16T17:02:00 IST" depends-on-methods="ThirdParty.TC_14.Rel_payment" duration-ms="0" status="SKIP">
          <exception class="java.lang.Throwable">
            <message>
              <![CDATA[Method ThirdParty.TC_14.success_payment() on instance ThirdParty.TC_14@3c3d9b6b depends on not successfully finished methods 
[ThirdParty.TC_14.Rel_payment() on instance ThirdParty.TC_14@3c3d9b6b]]]>
            </message>
            <full-stacktrace>
              <![CDATA[java.lang.Throwable: Method ThirdParty.TC_14.success_payment() on instance ThirdParty.TC_14@3c3d9b6b depends on not successfully finished methods 
[ThirdParty.TC_14.Rel_payment() on instance ThirdParty.TC_14@3c3d9b6b]
at org.testng.internal.invokers.TestInvoker.invokeTestMethods(TestInvoker.java:159)
at org.testng.internal.invokers.TestMethodWorker.invokeTestMethods(TestMethodWorker.java:154)
at org.testng.internal.invokers.TestMethodWorker.run(TestMethodWorker.java:134)
at java.base/java.util.concurrent.Executors$RunnableAdapter.call(Executors.java:572)
at java.base/java.util.concurrent.FutureTask.run(FutureTask.java:317)
at org.testng.internal.thread.graph.TestNGFutureTask.run(TestNGFutureTask.java:22)
at java.base/java.util.concurrent.ThreadPoolExecutor.runWorker(ThreadPoolExecutor.java:1144)
at java.base/java.util.concurrent.ThreadPoolExecutor$Worker.run(ThreadPoolExecutor.java:642)
at java.base/java.lang.Thread.run(Thread.java:1583)
]]>
            </full-stacktrace>
          </exception> <!-- java.lang.Throwable -->
          <reporter-output>
          </reporter-output>
        </test-method> <!-- success_payment -->
        <test-method signature="get_policyno()[pri:60, instance:ThirdParty.TC_14@3c3d9b6b]" started-at="2024-09-16T17:02:00 IST" name="get_policyno" finished-at="2024-09-16T17:02:00 IST" depends-on-methods="ThirdParty.TC_14.success_payment" duration-ms="0" status="SKIP">
          <exception class="java.lang.Throwable">
            <message>
              <![CDATA[Method ThirdParty.TC_14.get_policyno() on instance ThirdParty.TC_14@3c3d9b6b depends on not successfully finished methods 
[ThirdParty.TC_14.success_payment() on instance ThirdParty.TC_14@3c3d9b6b]]]>
            </message>
            <full-stacktrace>
              <![CDATA[java.lang.Throwable: Method ThirdParty.TC_14.get_policyno() on instance ThirdParty.TC_14@3c3d9b6b depends on not successfully finished methods 
[ThirdParty.TC_14.success_payment() on instance ThirdParty.TC_14@3c3d9b6b]
at org.testng.internal.invokers.TestInvoker.invokeTestMethods(TestInvoker.java:159)
at org.testng.internal.invokers.TestMethodWorker.invokeTestMethods(TestMethodWorker.java:154)
at org.testng.internal.invokers.TestMethodWorker.run(TestMethodWorker.java:134)
at java.base/java.util.concurrent.Executors$RunnableAdapter.call(Executors.java:572)
at java.base/java.util.concurrent.FutureTask.run(FutureTask.java:317)
at org.testng.internal.thread.graph.TestNGFutureTask.run(TestNGFutureTask.java:22)
at java.base/java.util.concurrent.ThreadPoolExecutor.runWorker(ThreadPoolExecutor.java:1144)
at java.base/java.util.concurrent.ThreadPoolExecutor$Worker.run(ThreadPoolExecutor.java:642)
at java.base/java.lang.Thread.run(Thread.java:1583)
]]>
            </full-stacktrace>
          </exception> <!-- java.lang.Throwable -->
          <reporter-output>
          </reporter-output>
        </test-method> <!-- get_policyno -->
      </class> <!-- ThirdParty.TC_14 -->
    </test> <!-- Test -->
  </suite> <!-- Suite -->
</testng-results>
