<?xml version="1.0" encoding="UTF-8"?>
<!-- Generated by org.testng.reporters.JUnitXMLReporter -->
<testsuite ignored="0" hostname="QA-VishalB" failures="0" tests="60" name="Default test" time="102.313" errors="0" timestamp="2024-09-13T14:30:07 IST">
  <testcase classname="ThirdParty.TC_14" name="clickCarModule" time="0.599"/>
  <testcase classname="ThirdParty.TC_14" name="dontknowcar" time="2.294"/>
  <testcase classname="ThirdParty.TC_14" name="TP" time="0.087"/>
  <testcase classname="ThirdParty.TC_14" name="exisitngTP_popup" time="0.002"/>
  <testcase classname="ThirdParty.TC_14" name="rto_num" time="0.592"/>
  <testcase classname="ThirdParty.TC_14" name="reg_date" time="0.549"/>
  <testcase classname="ThirdParty.TC_14" name="vehicle_num" time="0.145"/>
  <testcase classname="ThirdParty.TC_14" name="make" time="0.464"/>
  <testcase classname="ThirdParty.TC_14" name="model" time="0.297"/>
  <testcase classname="ThirdParty.TC_14" name="variant" time="0.152"/>
  <testcase classname="ThirdParty.TC_14" name="previous_pol" time="0.129"/>
  <testcase classname="ThirdParty.TC_14" name="existing_insurer" time="0.11"/>
  <testcase classname="ThirdParty.TC_14" name="pol_Expirydate" time="0.299"/>
  <testcase classname="ThirdParty.TC_14" name="owner_type" time="0.726"/>
  <testcase classname="ThirdParty.TC_14" name="ownership_no" time="0.0"/>
  <testcase classname="ThirdParty.TC_14" name="claim_No" time="0.001"/>
  <testcase classname="ThirdParty.TC_14" name="ncb_drpdwn" time="0.001"/>
  <testcase classname="ThirdParty.TC_14" name="fullname" time="0.121"/>
  <testcase classname="ThirdParty.TC_14" name="mobnum" time="0.128"/>
  <testcase classname="ThirdParty.TC_14" name="term_con" time="0.082"/>
  <testcase classname="ThirdParty.TC_14" name="get_quote" time="0.167"/>
  <testcase classname="ThirdParty.TC_14" name="addons_drpdown" time="0.001"/>
  <testcase classname="ThirdParty.TC_14" name="addons_select" time="0.004"/>
  <testcase classname="ThirdParty.TC_14" name="claimfor_zerodep" time="0.001"/>
  <testcase classname="ThirdParty.TC_14" name="zrodep_btn" time="0.001"/>
  <testcase classname="ThirdParty.TC_14" name="all_addons" time="0.001"/>
  <testcase classname="ThirdParty.TC_14" name="Accessrios_cover" time="0.0"/>
  <testcase classname="ThirdParty.TC_14" name="elec_acc" time="0.001"/>
  <testcase classname="ThirdParty.TC_14" name="non_elec" time="0.001"/>
  <testcase classname="ThirdParty.TC_14" name="pa_cover" time="23.214"/>
  <testcase classname="ThirdParty.TC_14" name="discounts" time="0.0"/>
  <testcase classname="ThirdParty.TC_14" name="cng" time="3.935"/>
  <testcase classname="ThirdParty.TC_14" name="premium" time="6.522"/>
  <testcase classname="ThirdParty.TC_14" name="ckyc_yes" time="2.366"/>
  <testcase classname="ThirdParty.TC_14" name="ckyc_number" time="0.146"/>
  <testcase classname="ThirdParty.TC_14" name="dob_calender" time="0.493"/>
  <testcase classname="ThirdParty.TC_14" name="email" time="0.165"/>
  <testcase classname="ThirdParty.TC_14" name="Verify_kyc" time="0.08"/>
  <testcase classname="ThirdParty.TC_14" name="insured_details" time="0.891"/>
  <testcase classname="ThirdParty.TC_14" name="pan" time="0.114"/>
  <testcase classname="ThirdParty.TC_14" name="insureddetails_btn" time="0.088"/>
  <testcase classname="ThirdParty.TC_14" name="address" time="2.17"/>
  <testcase classname="ThirdParty.TC_14" name="current_address" time="0.074"/>
  <testcase classname="ThirdParty.TC_14" name="address_btn" time="0.087"/>
  <testcase classname="ThirdParty.TC_14" name="engine" time="1.24"/>
  <testcase classname="ThirdParty.TC_14" name="chasis" time="0.118"/>
  <testcase classname="ThirdParty.TC_14" name="loan_yes" time="0.078"/>
  <testcase classname="ThirdParty.TC_14" name="bnk_name" time="0.136"/>
  <testcase classname="ThirdParty.TC_14" name="bnk_city" time="0.113"/>
  <testcase classname="ThirdParty.TC_14" name="vehicle_button" time="0.09"/>
  <testcase classname="ThirdParty.TC_14" name="previous_policy" time="0.836"/>
  <testcase classname="ThirdParty.TC_14" name="terms" time="0.651"/>
  <testcase classname="ThirdParty.TC_14" name="existing_cust" time="0.074"/>
  <testcase classname="ThirdParty.TC_14" name="Make_payment" time="0.073"/>
  <testcase classname="ThirdParty.TC_14" name="Make_payment_rel" time="20.576"/>
  <testcase classname="ThirdParty.TC_14" name="net_banking" time="0.117"/>
  <testcase classname="ThirdParty.TC_14" name="select_bank" time="0.182"/>
  <testcase classname="ThirdParty.TC_14" name="Rel_payment" time="0.432"/>
  <testcase classname="ThirdParty.TC_14" name="success_payment" time="3.037"/>
  <testcase classname="ThirdParty.TC_14" name="get_policyno" time="17.069"/>
</testsuite> <!-- Default test -->
