<?xml version="1.0" encoding="UTF-8"?>
<!-- Generated by org.testng.reporters.JUnitXMLReporter -->
<testsuite ignored="0" hostname="QA-VishalB" failures="0" tests="7" name="Car Insurance Tests" time="0.087" errors="0" timestamp="2024-08-19T16:30:03 IST">
  <testcase classname="New_car.TC_01" name="@BeforeClass setup" time="0.002">
    <failure type="java.lang.NullPointerException" message="Cannot invoke &amp;quot;org.openqa.selenium.WebDriver.manage()&amp;quot; because &amp;quot;this.driver&amp;quot; is null">
      <![CDATA[java.lang.NullPointerException: Cannot invoke "org.openqa.selenium.WebDriver.manage()" because "this.driver" is null
at New_car.TC_01.setup(TC_01.java:22)
at java.base/java.util.ArrayList.forEach(ArrayList.java:1596)
at java.base/java.util.concurrent.FutureTask.run(FutureTask.java:317)
at java.base/java.util.concurrent.ThreadPoolExecutor.runWorker(ThreadPoolExecutor.java:1144)
at java.base/java.util.concurrent.ThreadPoolExecutor$Worker.run(ThreadPoolExecutor.java:642)
at java.base/java.lang.Thread.run(Thread.java:1583)
... Removed 13 stack frames]]>
    </failure>
  </testcase> <!-- @BeforeClass setup -->
  <testcase classname="New_car.TC_01" name="@AfterClass tearDown" time="0.0">
    <skipped/>
  </testcase> <!-- @AfterClass tearDown -->
  <testcase classname="New_car.TC_01" name="clickCarModule" time="0.001">
    <skipped/>
  </testcase> <!-- clickCarModule -->
  <testcase classname="New_car.TC_01" name="newCar" time="0.0">
    <skipped/>
  </testcase> <!-- newCar -->
  <testcase classname="New_car.TC_01" name="rto" time="0.0">
    <skipped/>
  </testcase> <!-- rto -->
  <testcase classname="New_car.TC_01" name="rto" time="0.0">
    <skipped/>
  </testcase> <!-- rto -->
  <testcase classname="New_car.TC_01" name="make" time="0.0">
    <skipped/>
  </testcase> <!-- make -->
  <testcase classname="New_car.TC_01" name="make" time="0.0">
    <skipped/>
  </testcase> <!-- make -->
  <testcase classname="New_car.TC_01" name="model" time="0.0">
    <skipped/>
  </testcase> <!-- model -->
</testsuite> <!-- Car Insurance Tests -->
